<?xml version="1.0" encoding="UTF-8"?>
<coverage generated="1751474551763" clover="3.2.0">
  <project timestamp="1751474551763" name="All files">
    <metrics statements="559" coveredstatements="337" conditionals="605" coveredconditionals="228" methods="152" coveredmethods="88" elements="1316" coveredelements="653" complexity="0" loc="559" ncloc="559" packages="2" files="2" classes="2"/>
    <package name="src">
      <metrics statements="15" coveredstatements="0" conditionals="0" coveredconditionals="0" methods="9" coveredmethods="0"/>
      <file name="test-utils.tsx" path="/Users/amobrem/console-plugin-template/src/test-utils.tsx">
        <metrics statements="15" coveredstatements="0" conditionals="0" coveredconditionals="0" methods="9" coveredmethods="0"/>
        <line num="2" count="0" type="stmt"/>
        <line num="3" count="0" type="stmt"/>
        <line num="6" count="0" type="stmt"/>
        <line num="8" count="0" type="stmt"/>
        <line num="9" count="0" type="stmt"/>
        <line num="14" count="0" type="stmt"/>
        <line num="15" count="0" type="stmt"/>
        <line num="16" count="0" type="stmt"/>
        <line num="18" count="0" type="stmt"/>
        <line num="24" count="0" type="stmt"/>
        <line num="25" count="0" type="stmt"/>
        <line num="29" count="0" type="stmt"/>
        <line num="30" count="0" type="stmt"/>
        <line num="33" count="0" type="stmt"/>
        <line num="36" count="0" type="stmt"/>
      </file>
    </package>
    <package name="src.components">
      <metrics statements="544" coveredstatements="337" conditionals="605" coveredconditionals="228" methods="143" coveredmethods="88"/>
      <file name="NodesDashboard.tsx" path="/Users/amobrem/console-plugin-template/src/components/NodesDashboard.tsx">
        <metrics statements="544" coveredstatements="337" conditionals="605" coveredconditionals="228" methods="143" coveredmethods="88"/>
        <line num="2" count="1" type="stmt"/>
        <line num="5" count="1" type="stmt"/>
        <line num="42" count="1" type="stmt"/>
        <line num="45" count="1" type="stmt"/>
        <line num="156" count="1" type="cond" truecount="0" falsecount="2"/>
        <line num="157" count="297" type="cond" truecount="2" falsecount="1"/>
        <line num="158" count="0" type="stmt"/>
        <line num="161" count="4940" type="stmt"/>
        <line num="162" count="4940" type="stmt"/>
        <line num="163" count="297" type="cond" truecount="1" falsecount="1"/>
        <line num="166" count="297" type="stmt"/>
        <line num="168" count="4940" type="stmt"/>
        <line num="169" count="4940" type="stmt"/>
        <line num="170" count="4940" type="cond" truecount="2" falsecount="0"/>
        <line num="174" count="297" type="stmt"/>
        <line num="204" count="4940" type="stmt"/>
        <line num="205" count="4940" type="stmt"/>
        <line num="206" count="4940" type="stmt"/>
        <line num="230" count="1" type="stmt"/>
        <line num="231" count="1094" type="stmt"/>
        <line num="232" count="1094" type="stmt"/>
        <line num="235" count="1" type="stmt"/>
        <line num="236" count="57" type="stmt"/>
        <line num="237" count="57" type="cond" truecount="1" falsecount="1"/>
        <line num="238" count="57" type="stmt"/>
        <line num="240" count="0" type="stmt"/>
        <line num="244" count="1" type="stmt"/>
        <line num="245" count="57" type="stmt"/>
        <line num="246" count="57" type="stmt"/>
        <line num="254" count="1" type="stmt"/>
        <line num="255" count="81" type="stmt"/>
        <line num="260" count="81" type="stmt"/>
        <line num="261" count="81" type="stmt"/>
        <line num="262" count="81" type="stmt"/>
        <line num="263" count="81" type="stmt"/>
        <line num="266" count="81" type="stmt"/>
        <line num="267" count="24" type="cond" truecount="0" falsecount="1"/>
        <line num="268" count="0" type="stmt"/>
        <line num="273" count="81" type="stmt"/>
        <line num="274" count="24" type="cond" truecount="0" falsecount="1"/>
        <line num="275" count="0" type="stmt"/>
        <line num="280" count="81" type="stmt"/>
        <line num="281" count="24" type="stmt"/>
        <line num="282" count="0" type="stmt"/>
        <line num="283" count="0" type="stmt"/>
        <line num="291" count="24" type="stmt"/>
        <line num="294" count="81" type="stmt"/>
        <line num="295" count="0" type="stmt"/>
        <line num="296" count="0" type="cond" truecount="0" falsecount="1"/>
        <line num="299" count="0" type="stmt"/>
        <line num="301" count="0" type="stmt"/>
        <line num="303" count="0" type="stmt"/>
        <line num="305" count="0" type="cond" truecount="0" falsecount="16"/>
        <line num="307" count="0" type="stmt"/>
        <line num="322" count="0" type="stmt"/>
        <line num="325" count="0" type="stmt"/>
        <line num="326" count="0" type="stmt"/>
        <line num="329" count="0" type="stmt"/>
        <line num="334" count="0" type="stmt"/>
        <line num="337" count="0" type="stmt"/>
        <line num="338" count="0" type="stmt"/>
        <line num="339" count="0" type="stmt"/>
        <line num="344" count="0" type="stmt"/>
        <line num="348" count="0" type="stmt"/>
        <line num="359" count="0" type="stmt"/>
        <line num="362" count="0" type="stmt"/>
        <line num="364" count="0" type="stmt"/>
        <line num="367" count="0" type="stmt"/>
        <line num="379" count="0" type="stmt"/>
        <line num="382" count="0" type="stmt"/>
        <line num="388" count="0" type="stmt"/>
        <line num="394" count="0" type="stmt"/>
        <line num="397" count="0" type="stmt"/>
        <line num="419" count="0" type="stmt"/>
        <line num="422" count="0" type="stmt"/>
        <line num="423" count="0" type="stmt"/>
        <line num="424" count="0" type="stmt"/>
        <line num="428" count="0" type="stmt"/>
        <line num="431" count="0" type="stmt"/>
        <line num="434" count="0" type="stmt"/>
        <line num="435" count="0" type="stmt"/>
        <line num="438" count="0" type="stmt"/>
        <line num="439" count="0" type="stmt"/>
        <line num="442" count="0" type="stmt"/>
        <line num="448" count="0" type="stmt"/>
        <line num="451" count="0" type="stmt"/>
        <line num="452" count="0" type="stmt"/>
        <line num="453" count="0" type="stmt"/>
        <line num="457" count="0" type="cond" truecount="0" falsecount="4"/>
        <line num="458" count="0" type="stmt"/>
        <line num="460" count="0" type="stmt"/>
        <line num="465" count="0" type="cond" truecount="0" falsecount="1"/>
        <line num="466" count="0" type="stmt"/>
        <line num="470" count="0" type="cond" truecount="0" falsecount="1"/>
        <line num="471" count="0" type="stmt"/>
        <line num="474" count="0" type="stmt"/>
        <line num="478" count="81" type="stmt"/>
        <line num="479" count="0" type="cond" truecount="0" falsecount="1"/>
        <line num="480" count="0" type="stmt"/>
        <line num="481" count="0" type="stmt"/>
        <line num="485" count="81" type="stmt"/>
        <line num="486" count="0" type="cond" truecount="0" falsecount="1"/>
        <line num="487" count="0" type="stmt"/>
        <line num="491" count="81" type="stmt"/>
        <line num="540" count="243" type="stmt"/>
        <line num="550" count="0" type="stmt"/>
        <line num="587" count="1" type="stmt"/>
        <line num="588" count="142" type="stmt"/>
        <line num="589" count="141" type="stmt"/>
        <line num="590" count="141" type="stmt"/>
        <line num="592" count="141" type="stmt"/>
        <line num="593" count="141" type="stmt"/>
        <line num="594" count="141" type="stmt"/>
        <line num="595" count="141" type="stmt"/>
        <line num="596" count="141" type="stmt"/>
        <line num="643" count="141" type="stmt"/>
        <line num="644" count="0" type="stmt"/>
        <line num="649" count="141" type="stmt"/>
        <line num="650" count="0" type="cond" truecount="0" falsecount="4"/>
        <line num="652" count="0" type="stmt"/>
        <line num="654" count="0" type="stmt"/>
        <line num="656" count="0" type="stmt"/>
        <line num="658" count="0" type="stmt"/>
        <line num="662" count="141" type="stmt"/>
        <line num="663" count="0" type="cond" truecount="0" falsecount="4"/>
        <line num="665" count="0" type="stmt"/>
        <line num="667" count="0" type="stmt"/>
        <line num="669" count="0" type="stmt"/>
        <line num="671" count="0" type="stmt"/>
        <line num="676" count="141" type="stmt"/>
        <line num="677" count="114" type="stmt"/>
        <line num="680" count="114" type="stmt"/>
        <line num="681" count="114" type="cond" truecount="0" falsecount="1"/>
        <line num="685" count="0" type="stmt"/>
        <line num="697" count="114" type="cond" truecount="1" falsecount="2"/>
        <line num="698" count="0" type="stmt"/>
        <line num="712" count="114" type="stmt"/>
        <line num="713" count="0" type="cond" truecount="0" falsecount="1"/>
        <line num="714" count="0" type="stmt"/>
        <line num="717" count="0" type="cond" truecount="0" falsecount="2"/>
        <line num="733" count="114" type="cond" truecount="0" falsecount="1"/>
        <line num="734" count="0" type="stmt"/>
        <line num="747" count="114" type="cond" truecount="0" falsecount="1"/>
        <line num="748" count="0" type="stmt"/>
        <line num="760" count="114" type="cond" truecount="0" falsecount="1"/>
        <line num="761" count="0" type="stmt"/>
        <line num="774" count="114" type="stmt"/>
        <line num="775" count="0" type="stmt"/>
        <line num="776" count="0" type="cond" truecount="0" falsecount="1"/>
        <line num="777" count="0" type="stmt"/>
        <line num="779" count="0" type="stmt"/>
        <line num="783" count="141" type="stmt"/>
        <line num="784" count="28" type="stmt"/>
        <line num="786" count="28" type="stmt"/>
        <line num="787" count="26" type="stmt"/>
        <line num="789" count="26" type="cond" truecount="0" falsecount="1"/>
        <line num="790" count="0" type="stmt"/>
        <line num="794" count="26" type="stmt"/>
        <line num="795" count="26" type="stmt"/>
        <line num="796" count="26" type="stmt"/>
        <line num="797" count="26" type="stmt"/>
        <line num="798" count="26" type="cond" truecount="1" falsecount="1"/>
        <line num="800" count="0" type="stmt"/>
        <line num="804" count="26" type="stmt"/>
        <line num="805" count="26" type="stmt"/>
        <line num="806" count="26" type="stmt"/>
        <line num="807" count="26" type="stmt"/>
        <line num="808" count="26" type="cond" truecount="1" falsecount="1"/>
        <line num="810" count="0" type="stmt"/>
        <line num="813" count="26" type="stmt"/>
        <line num="814" count="416" type="cond" truecount="1" falsecount="1"/>
        <line num="815" count="416" type="stmt"/>
        <line num="816" count="416" type="cond" truecount="1" falsecount="1"/>
        <line num="819" count="416" type="stmt"/>
        <line num="820" count="0" type="stmt"/>
        <line num="821" count="0" type="stmt"/>
        <line num="829" count="0" type="cond" truecount="0" falsecount="2"/>
        <line num="834" count="0" type="cond" truecount="0" falsecount="2"/>
        <line num="838" count="416" type="stmt"/>
        <line num="841" count="0" type="cond" truecount="0" falsecount="2"/>
        <line num="845" count="0" type="stmt"/>
        <line num="854" count="416" type="cond" truecount="1" falsecount="0"/>
        <line num="855" count="416" type="stmt"/>
        <line num="858" count="416" type="cond" truecount="1" falsecount="2"/>
        <line num="859" count="0" type="stmt"/>
        <line num="863" count="0" type="stmt"/>
        <line num="870" count="416" type="stmt"/>
        <line num="876" count="416" type="stmt"/>
        <line num="877" count="416" type="cond" truecount="1" falsecount="1"/>
        <line num="881" count="416" type="cond" truecount="3" falsecount="1"/>
        <line num="883" count="416" type="cond" truecount="1" falsecount="1"/>
        <line num="884" count="416" type="stmt"/>
        <line num="885" count="416" type="stmt"/>
        <line num="887" count="416" type="stmt"/>
        <line num="890" count="416" type="cond" truecount="1" falsecount="1"/>
        <line num="891" count="416" type="stmt"/>
        <line num="892" count="416" type="stmt"/>
        <line num="894" count="416" type="stmt"/>
        <line num="900" count="416" type="stmt"/>
        <line num="901" count="832" type="stmt"/>
        <line num="902" count="19968" type="stmt"/>
        <line num="903" count="19968" type="stmt"/>
        <line num="904" count="19968" type="stmt"/>
        <line num="911" count="416" type="stmt"/>
        <line num="923" count="416" type="stmt"/>
        <line num="947" count="416" type="stmt"/>
        <line num="960" count="2" type="stmt"/>
        <line num="961" count="2" type="stmt"/>
        <line num="963" count="2" type="stmt"/>
        <line num="967" count="141" type="stmt"/>
        <line num="968" count="418" type="stmt"/>
        <line num="969" count="418" type="stmt"/>
        <line num="970" count="418" type="stmt"/>
        <line num="971" count="418" type="stmt"/>
        <line num="973" count="418" type="cond" truecount="1" falsecount="0"/>
        <line num="974" count="405" type="stmt"/>
        <line num="976" count="13" type="stmt"/>
        <line num="977" count="13" type="stmt"/>
        <line num="981" count="141" type="stmt"/>
        <line num="982" count="2" type="cond" truecount="2" falsecount="0"/>
        <line num="983" count="2" type="cond" truecount="2" falsecount="1"/>
        <line num="984" count="0" type="stmt"/>
        <line num="987" count="2" type="stmt"/>
        <line num="988" count="2" type="stmt"/>
        <line num="989" count="2" type="stmt"/>
        <line num="991" count="2" type="stmt"/>
        <line num="992" count="2" type="stmt"/>
        <line num="993" count="2" type="stmt"/>
        <line num="995" count="2" type="cond" truecount="0" falsecount="1"/>
        <line num="996" count="2" type="cond" truecount="1" falsecount="0"/>
        <line num="997" count="0" type="stmt"/>
        <line num="1001" count="141" type="stmt"/>
        <line num="1002" count="2" type="cond" truecount="0" falsecount="1"/>
        <line num="1004" count="2" type="stmt"/>
        <line num="1005" count="2" type="stmt"/>
        <line num="1008" count="2" type="stmt"/>
        <line num="1009" count="2" type="stmt"/>
        <line num="1010" count="2" type="stmt"/>
        <line num="1012" count="2" type="cond" truecount="0" falsecount="1"/>
        <line num="1013" count="0" type="stmt"/>
        <line num="1014" count="0" type="stmt"/>
        <line num="1018" count="2" type="stmt"/>
        <line num="1019" count="2" type="stmt"/>
        <line num="1020" count="2" type="stmt"/>
        <line num="1023" count="2" type="stmt"/>
        <line num="1024" count="2" type="stmt"/>
        <line num="1025" count="2" type="stmt"/>
        <line num="1028" count="0" type="cond" truecount="0" falsecount="2"/>
        <line num="1034" count="2" type="stmt"/>
        <line num="1037" count="2" type="stmt"/>
        <line num="1038" count="2" type="stmt"/>
        <line num="1039" count="4" type="cond" truecount="2" falsecount="0"/>
        <line num="1042" count="0" type="stmt"/>
        <line num="1045" count="2" type="stmt"/>
        <line num="1050" count="141" type="stmt"/>
        <line num="1056" count="2" type="cond" truecount="2" falsecount="0"/>
        <line num="1057" count="2" type="cond" truecount="1" falsecount="1"/>
        <line num="1058" count="2" type="cond" truecount="1" falsecount="1"/>
        <line num="1061" count="2" type="stmt"/>
        <line num="1062" count="2" type="cond" truecount="1" falsecount="1"/>
        <line num="1063" count="2" type="stmt"/>
        <line num="1066" count="2" type="stmt"/>
        <line num="1067" count="2" type="stmt"/>
        <line num="1073" count="2" type="stmt"/>
        <line num="1074" count="4" type="stmt"/>
        <line num="1075" count="4" type="stmt"/>
        <line num="1076" count="4" type="stmt"/>
        <line num="1078" count="4" type="stmt"/>
        <line num="1079" count="100" type="stmt"/>
        <line num="1082" count="100" type="stmt"/>
        <line num="1083" count="100" type="stmt"/>
        <line num="1086" count="100" type="stmt"/>
        <line num="1087" count="100" type="stmt"/>
        <line num="1089" count="100" type="stmt"/>
        <line num="1092" count="4" type="stmt"/>
        <line num="1095" count="2" type="stmt"/>
        <line num="1108" count="141" type="stmt"/>
        <line num="1109" count="2" type="cond" truecount="1" falsecount="1"/>
        <line num="1110" count="2" type="cond" truecount="1" falsecount="1"/>
        <line num="1112" count="2" type="stmt"/>
        <line num="1121" count="0" type="cond" truecount="0" falsecount="2"/>
        <line num="1124" count="2" type="stmt"/>
        <line num="1132" count="2" type="stmt"/>
        <line num="1138" count="2" type="stmt"/>
        <line num="1141" count="2" type="cond" truecount="1" falsecount="1"/>
        <line num="1163" count="2" type="stmt"/>
        <line num="1177" count="141" type="stmt"/>
        <line num="1179" count="2" type="stmt"/>
        <line num="1182" count="2" type="stmt"/>
        <line num="1186" count="141" type="stmt"/>
        <line num="1187" count="54" type="stmt"/>
        <line num="1189" count="54" type="cond" truecount="3" falsecount="0"/>
        <line num="1190" count="26" type="stmt"/>
        <line num="1191" count="26" type="stmt"/>
        <line num="1194" count="26" type="stmt"/>
        <line num="1195" count="26" type="stmt"/>
        <line num="1196" count="26" type="stmt"/>
        <line num="1199" count="26" type="stmt"/>
        <line num="1202" count="26" type="stmt"/>
        <line num="1203" count="26" type="stmt"/>
        <line num="1204" count="26" type="stmt"/>
        <line num="1205" count="26" type="stmt"/>
        <line num="1208" count="54" type="stmt"/>
        <line num="1209" count="54" type="stmt"/>
        <line num="1214" count="141" type="stmt"/>
        <line num="1215" count="0" type="stmt"/>
        <line num="1216" count="0" type="stmt"/>
        <line num="1218" count="0" type="cond" truecount="0" falsecount="9"/>
        <line num="1220" count="0" type="stmt"/>
        <line num="1222" count="0" type="stmt"/>
        <line num="1224" count="0" type="stmt"/>
        <line num="1226" count="0" type="stmt"/>
        <line num="1228" count="0" type="stmt"/>
        <line num="1230" count="0" type="stmt"/>
        <line num="1239" count="0" type="stmt"/>
        <line num="1240" count="0" type="stmt"/>
        <line num="1271" count="0" type="cond" truecount="0" falsecount="1"/>
        <line num="1272" count="0" type="stmt"/>
        <line num="1275" count="0" type="stmt"/>
        <line num="1278" count="0" type="stmt"/>
        <line num="1283" count="141" type="stmt"/>
        <line num="1284" count="141" type="stmt"/>
        <line num="1285" count="141" type="stmt"/>
        <line num="1287" count="141" type="cond" truecount="0" falsecount="1"/>
        <line num="1288" count="104" type="stmt"/>
        <line num="1291" count="104" type="cond" truecount="1" falsecount="0"/>
        <line num="1292" count="80" type="stmt"/>
        <line num="1296" count="104" type="stmt"/>
        <line num="1297" count="20" type="stmt"/>
        <line num="1298" count="20" type="cond" truecount="1" falsecount="0"/>
        <line num="1299" count="20" type="stmt"/>
        <line num="1300" count="20" type="stmt"/>
        <line num="1303" count="20" type="stmt"/>
        <line num="1304" count="80" type="cond" truecount="1" falsecount="1"/>
        <line num="1307" count="20" type="stmt"/>
        <line num="1311" count="20" type="stmt"/>
        <line num="1317" count="141" type="stmt"/>
        <line num="1318" count="28" type="stmt"/>
        <line num="1319" count="28" type="cond" truecount="1" falsecount="0"/>
        <line num="1320" count="24" type="stmt"/>
        <line num="1326" count="141" type="stmt"/>
        <line num="1327" count="48" type="cond" truecount="1" falsecount="0"/>
        <line num="1328" count="20" type="stmt"/>
        <line num="1331" count="20" type="stmt"/>
        <line num="1333" count="20" type="cond" truecount="1" falsecount="0"/>
        <line num="1334" count="20" type="stmt"/>
        <line num="1335" count="20" type="stmt"/>
        <line num="1342" count="141" type="stmt"/>
        <line num="1343" count="28" type="stmt"/>
        <line num="1344" count="28" type="stmt"/>
        <line num="1345" count="28" type="stmt"/>
        <line num="1346" count="28" type="stmt"/>
        <line num="1347" count="28" type="stmt"/>
        <line num="1349" count="28" type="cond" truecount="3" falsecount="0"/>
        <line num="1350" count="24" type="stmt"/>
        <line num="1353" count="0" type="stmt"/>
        <line num="1354" count="0" type="stmt"/>
        <line num="1356" count="28" type="stmt"/>
        <line num="1360" count="28" type="stmt"/>
        <line num="1364" count="141" type="stmt"/>
        <line num="1365" count="28" type="stmt"/>
        <line num="1366" count="28" type="stmt"/>
        <line num="1367" count="28" type="stmt"/>
        <line num="1369" count="28" type="stmt"/>
        <line num="1370" count="28" type="stmt"/>
        <line num="1372" count="28" type="cond" truecount="1" falsecount="1"/>
        <line num="1375" count="28" type="stmt"/>
        <line num="1377" count="28" type="stmt"/>
        <line num="1378" count="0" type="cond" truecount="0" falsecount="1"/>
        <line num="1380" count="0" type="stmt"/>
        <line num="1381" count="0" type="stmt"/>
        <line num="1382" count="0" type="cond" truecount="0" falsecount="1"/>
        <line num="1387" count="0" type="stmt"/>
        <line num="1390" count="0" type="cond" truecount="0" falsecount="3"/>
        <line num="1391" count="0" type="cond" truecount="0" falsecount="2"/>
        <line num="1392" count="0" type="stmt"/>
        <line num="1395" count="0" type="cond" truecount="0" falsecount="2"/>
        <line num="1401" count="0" type="stmt"/>
        <line num="1402" count="0" type="stmt"/>
        <line num="1405" count="0" type="stmt"/>
        <line num="1416" count="0" type="stmt"/>
        <line num="1420" count="0" type="cond" truecount="0" falsecount="3"/>
        <line num="1421" count="0" type="stmt"/>
        <line num="1425" count="0" type="stmt"/>
        <line num="1430" count="28" type="cond" truecount="1" falsecount="1"/>
        <line num="1433" count="28" type="stmt"/>
        <line num="1435" count="28" type="stmt"/>
        <line num="1436" count="0" type="cond" truecount="0" falsecount="1"/>
        <line num="1438" count="0" type="stmt"/>
        <line num="1439" count="0" type="stmt"/>
        <line num="1440" count="0" type="cond" truecount="0" falsecount="1"/>
        <line num="1441" count="0" type="stmt"/>
        <line num="1443" count="0" type="cond" truecount="0" falsecount="1"/>
        <line num="1450" count="0" type="stmt"/>
        <line num="1455" count="0" type="stmt"/>
        <line num="1459" count="0" type="stmt"/>
        <line num="1463" count="28" type="stmt"/>
        <line num="1466" count="28" type="stmt"/>
        <line num="1467" count="0" type="cond" truecount="0" falsecount="1"/>
        <line num="1469" count="0" type="stmt"/>
        <line num="1523" count="0" type="stmt"/>
        <line num="1524" count="0" type="stmt"/>
        <line num="1535" count="0" type="stmt"/>
        <line num="1539" count="28" type="stmt"/>
        <line num="1541" count="0" type="stmt"/>
        <line num="1545" count="28" type="stmt"/>
        <line num="1547" count="28" type="stmt"/>
        <line num="1548" count="28" type="stmt"/>
        <line num="1551" count="28" type="cond" truecount="1" falsecount="0"/>
        <line num="1552" count="28" type="stmt"/>
        <line num="1554" count="28" type="cond" truecount="1" falsecount="0"/>
        <line num="1555" count="28" type="stmt"/>
        <line num="1559" count="28" type="cond" truecount="1" falsecount="0"/>
        <line num="1560" count="28" type="stmt"/>
        <line num="1561" count="28" type="stmt"/>
        <line num="1567" count="141" type="stmt"/>
        <line num="1568" count="54" type="stmt"/>
        <line num="1569" count="54" type="stmt"/>
        <line num="1570" count="54" type="stmt"/>
        <line num="1571" count="54" type="stmt"/>
        <line num="1572" count="54" type="stmt"/>
        <line num="1574" count="54" type="stmt"/>
        <line num="1575" count="0" type="stmt"/>
        <line num="1576" count="0" type="cond" truecount="0" falsecount="2"/>
        <line num="1578" count="0" type="cond" truecount="0" falsecount="1"/>
        <line num="1579" count="0" type="stmt"/>
        <line num="1581" count="0" type="stmt"/>
        <line num="1582" count="0" type="cond" truecount="0" falsecount="1"/>
        <line num="1583" count="0" type="stmt"/>
        <line num="1584" count="0" type="stmt"/>
        <line num="1589" count="0" type="stmt"/>
        <line num="1590" count="0" type="stmt"/>
        <line num="1594" count="54" type="stmt"/>
        <line num="1595" count="2" type="cond" truecount="0" falsecount="1"/>
        <line num="1597" count="2" type="stmt"/>
        <line num="1599" count="2" type="cond" truecount="1" falsecount="1"/>
        <line num="1603" count="2" type="stmt"/>
        <line num="1605" count="2" type="stmt"/>
        <line num="1606" count="0" type="cond" truecount="0" falsecount="1"/>
        <line num="1607" count="0" type="stmt"/>
        <line num="1611" count="2" type="stmt"/>
        <line num="1612" count="0" type="cond" truecount="0" falsecount="1"/>
        <line num="1614" count="0" type="stmt"/>
        <line num="1615" count="0" type="stmt"/>
        <line num="1616" count="0" type="cond" truecount="0" falsecount="1"/>
        <line num="1621" count="0" type="stmt"/>
        <line num="1624" count="0" type="cond" truecount="0" falsecount="3"/>
        <line num="1626" count="0" type="cond" truecount="0" falsecount="2"/>
        <line num="1627" count="0" type="cond" truecount="0" falsecount="2"/>
        <line num="1628" count="0" type="cond" truecount="0" falsecount="1"/>
        <line num="1634" count="0" type="stmt"/>
        <line num="1639" count="0" type="stmt"/>
        <line num="1642" count="0" type="stmt"/>
        <line num="1653" count="0" type="stmt"/>
        <line num="1658" count="0" type="cond" truecount="0" falsecount="4"/>
        <line num="1659" count="0" type="stmt"/>
        <line num="1664" count="0" type="stmt"/>
        <line num="1669" count="0" type="cond" truecount="0" falsecount="3"/>
        <line num="1670" count="0" type="stmt"/>
        <line num="1675" count="2" type="stmt"/>
        <line num="1676" count="2" type="cond" truecount="1" falsecount="0"/>
        <line num="1677" count="1" type="stmt"/>
        <line num="1681" count="2" type="stmt"/>
        <line num="1682" count="2" type="cond" truecount="3" falsecount="0"/>
        <line num="1683" count="1" type="stmt"/>
        <line num="1689" count="0" type="stmt"/>
        <line num="1694" count="54" type="stmt"/>
        <line num="1696" count="54" type="stmt"/>
        <line num="1697" count="54" type="stmt"/>
        <line num="1700" count="54" type="cond" truecount="1" falsecount="0"/>
        <line num="1701" count="54" type="stmt"/>
        <line num="1703" count="54" type="cond" truecount="0" falsecount="1"/>
        <line num="1704" count="0" type="stmt"/>
        <line num="1708" count="54" type="cond" truecount="2" falsecount="1"/>
        <line num="1709" count="0" type="stmt"/>
        <line num="1714" count="141" type="stmt"/>
        <line num="1715" count="57" type="cond" truecount="1" falsecount="0"/>
        <line num="1716" count="57" type="cond" truecount="1" falsecount="1"/>
        <line num="1722" count="0" type="cond" truecount="0" falsecount="2"/>
        <line num="1729" count="141" type="stmt"/>
        <line num="1730" count="1151" type="cond" truecount="1" falsecount="2"/>
        <line num="1732" count="1151" type="stmt"/>
        <line num="1734" count="0" type="stmt"/>
        <line num="1736" count="0" type="stmt"/>
        <line num="1740" count="141" type="stmt"/>
        <line num="1741" count="0" type="cond" truecount="0" falsecount="5"/>
        <line num="1743" count="0" type="stmt"/>
        <line num="1745" count="0" type="stmt"/>
        <line num="1747" count="0" type="stmt"/>
        <line num="1749" count="0" type="stmt"/>
        <line num="1751" count="0" type="stmt"/>
        <line num="1755" count="141" type="cond" truecount="1" falsecount="0"/>
        <line num="1756" count="80" type="stmt"/>
        <line num="1771" count="61" type="stmt"/>
        <line num="1860" count="1037" type="stmt"/>
        <line num="1862" count="1037" type="stmt"/>
        <line num="1912" count="1037" type="stmt"/>
        <line num="1917" count="1037" type="stmt"/>
        <line num="1925" count="732" type="stmt"/>
        <line num="1928" count="12444" type="stmt"/>
        <line num="1973" count="1037" type="cond" truecount="1" falsecount="1"/>
        <line num="1984" count="1037" type="cond" truecount="1" falsecount="1"/>
        <line num="1994" count="732" type="stmt"/>
        <line num="2001" count="12444" type="cond" truecount="1" falsecount="1"/>
        <line num="2051" count="1037" type="cond" truecount="1" falsecount="1"/>
        <line num="2061" count="1037" type="cond" truecount="1" falsecount="1"/>
        <line num="2071" count="732" type="stmt"/>
        <line num="2078" count="12444" type="cond" truecount="1" falsecount="1"/>
        <line num="2131" count="1037" type="cond" truecount="2" falsecount="0"/>
        <line num="2173" count="1037" type="cond" truecount="3" falsecount="0"/>
        <line num="2291" count="1037" type="stmt"/>
        <line num="2301" count="2" type="stmt"/>
        <line num="2499" count="0" type="stmt"/>
        <line num="2784" count="0" type="stmt"/>
        <line num="2804" count="0" type="stmt"/>
        <line num="2824" count="0" type="stmt"/>
        <line num="2844" count="0" type="stmt"/>
        <line num="3019" count="57" type="stmt"/>
        <line num="3022" count="57" type="stmt"/>
        <line num="3090" count="57" type="stmt"/>
        <line num="3145" count="0" type="stmt"/>
        <line num="3208" count="0" type="stmt"/>
        <line num="3286" count="57" type="stmt"/>
        <line num="3287" count="57" type="cond" truecount="1" falsecount="0"/>
        <line num="3288" count="57" type="stmt"/>
        <line num="3302" count="0" type="stmt"/>
        <line num="3305" count="0" type="stmt"/>
        <line num="3420" count="0" type="stmt"/>
        <line num="3456" count="0" type="stmt"/>
        <line num="3492" count="0" type="stmt"/>
        <line num="3528" count="0" type="stmt"/>
        <line num="3566" count="0" type="stmt"/>
        <line num="3664" count="57" type="cond" truecount="1" falsecount="1"/>
        <line num="3666" count="87" type="cond" truecount="1" falsecount="1"/>
        <line num="3670" count="87" type="cond" truecount="1" falsecount="1"/>
        <line num="3674" count="87" type="cond" truecount="1" falsecount="1"/>
        <line num="3678" count="87" type="cond" truecount="1" falsecount="1"/>
        <line num="3684" count="501" type="stmt"/>
        <line num="3685" count="501" type="stmt"/>
        <line num="3686" count="501" type="stmt"/>
        <line num="3688" count="0" type="cond" truecount="0" falsecount="2"/>
        <line num="3693" count="57" type="cond" truecount="1" falsecount="1"/>
        <line num="3695" count="348" type="stmt"/>
        <line num="3783" count="1" type="stmt"/>
      </file>
    </package>
  </project>
</coverage>
