{"/Users/amobrem/console-plugin-template/src/test-utils.tsx": {"path":"/Users/amobrem/console-plugin-template/src/test-utils.tsx","statementMap":{"0":{"start":{"line":6,"column":0},"end":{"line":11,"column":4}},"1":{"start":{"line":6,"column":58},"end":{"line":11,"column":2}},"2":{"start":{"line":8,"column":22},"end":{"line":8,"column":40}},"3":{"start":{"line":9,"column":4},"end":{"line":9,"column":35}},"4":{"start":{"line":14,"column":0},"end":{"line":21,"column":4}},"5":{"start":{"line":14,"column":34},"end":{"line":21,"column":2}},"6":{"start":{"line":15,"column":25},"end":{"line":20,"column":4}},"7":{"start":{"line":16,"column":24},"end":{"line":16,"column":27}},"8":{"start":{"line":18,"column":28},"end":{"line":18,"column":72}},"9":{"start":{"line":18,"column":53},"end":{"line":18,"column":71}},"10":{"start":{"line":2,"column":0},"end":{"line":2,"column":63}},"11":{"start":{"line":3,"column":0},"end":{"line":3,"column":56}},"12":{"start":{"line":24,"column":69},"end":{"line":26,"column":1}},"13":{"start":{"line":25,"column":2},"end":{"line":25,"column":25}},"14":{"start":{"line":29,"column":21},"end":{"line":30,"column":58}},"15":{"start":{"line":30,"column":2},"end":{"line":30,"column":58}},"16":{"start":{"line":36,"column":25},"end":{"line":36,"column":31}},"17":{"start":{"line":33,"column":0},"end":{"line":33,"column":39}}},"fnMap":{"0":{"name":"(anonymous_4)","decl":{"start":{"line":6,"column":51},"end":{"line":6,"column":54}},"loc":{"start":{"line":6,"column":58},"end":{"line":11,"column":2}}},"1":{"name":"(anonymous_5)","decl":{"start":{"line":7,"column":31},"end":{"line":7,"column":34}},"loc":{"start":{"line":7,"column":36},"end":{"line":10,"column":3}}},"2":{"name":"(anonymous_6)","decl":{"start":{"line":14,"column":27},"end":{"line":14,"column":30}},"loc":{"start":{"line":14,"column":34},"end":{"line":21,"column":2}}},"3":{"name":"(anonymous_7)","decl":{"start":{"line":15,"column":18},"end":{"line":15,"column":21}},"loc":{"start":{"line":15,"column":25},"end":{"line":20,"column":4}}},"4":{"name":"(anonymous_8)","decl":{"start":{"line":16,"column":7},"end":{"line":16,"column":8}},"loc":{"start":{"line":16,"column":24},"end":{"line":16,"column":27}}},"5":{"name":"(anonymous_9)","decl":{"start":{"line":18,"column":22},"end":{"line":18,"column":25}},"loc":{"start":{"line":18,"column":28},"end":{"line":18,"column":72}}},"6":{"name":"(anonymous_10)","decl":{"start":{"line":18,"column":40},"end":{"line":18,"column":41}},"loc":{"start":{"line":18,"column":53},"end":{"line":18,"column":71}}},"7":{"name":"(anonymous_11)","decl":{"start":{"line":24,"column":69},"end":{"line":24,"column":70}},"loc":{"start":{"line":24,"column":86},"end":{"line":26,"column":1}}},"8":{"name":"(anonymous_12)","decl":{"start":{"line":29,"column":21},"end":{"line":29,"column":22}},"loc":{"start":{"line":30,"column":2},"end":{"line":30,"column":58}}}},"branchMap":{},"s":{"0":0,"1":0,"2":0,"3":0,"4":0,"5":0,"6":0,"7":0,"8":0,"9":0,"10":0,"11":0,"12":0,"13":0,"14":0,"15":0,"16":0,"17":0},"f":{"0":0,"1":0,"2":0,"3":0,"4":0,"5":0,"6":0,"7":0,"8":0},"b":{}}
,"/Users/amobrem/console-plugin-template/src/components/NodesDashboard.tsx": {"path":"/Users/amobrem/console-plugin-template/src/components/NodesDashboard.tsx","statementMap":{"0":{"start":{"line":2,"column":0},"end":{"line":2,"column":52}},"1":{"start":{"line":5,"column":0},"end":{"line":5,"column":null}},"2":{"start":{"line":42,"column":0},"end":{"line":42,"column":74}},"3":{"start":{"line":45,"column":0},"end":{"line":45,"column":null}},"4":{"start":{"line":156,"column":48},"end":{"line":227,"column":1}},"5":{"start":{"line":157,"column":2},"end":{"line":159,"column":null}},"6":{"start":{"line":158,"column":4},"end":{"line":158,"column":16}},"7":{"start":{"line":161,"column":19},"end":{"line":161,"column":56}},"8":{"start":{"line":161,"column":47},"end":{"line":161,"column":54}},"9":{"start":{"line":162,"column":19},"end":{"line":162,"column":56}},"10":{"start":{"line":162,"column":47},"end":{"line":162,"column":54}},"11":{"start":{"line":163,"column":16},"end":{"line":163,"column":40}},"12":{"start":{"line":166,"column":19},"end":{"line":172,"column":14}},"13":{"start":{"line":168,"column":16},"end":{"line":168,"column":51}},"14":{"start":{"line":169,"column":16},"end":{"line":169,"column":68}},"15":{"start":{"line":170,"column":6},"end":{"line":170,"column":52}},"16":{"start":{"line":174,"column":2},"end":{"line":226,"column":4}},"17":{"start":{"line":204,"column":20},"end":{"line":204,"column":55}},"18":{"start":{"line":205,"column":20},"end":{"line":205,"column":72}},"19":{"start":{"line":206,"column":10},"end":{"line":208,"column":12}},"20":{"start":{"line":230,"column":22},"end":{"line":233,"column":1}},"21":{"start":{"line":231,"column":19},"end":{"line":231,"column":56}},"22":{"start":{"line":232,"column":2},"end":{"line":232,"column":54}},"23":{"start":{"line":235,"column":18},"end":{"line":242,"column":1}},"24":{"start":{"line":236,"column":19},"end":{"line":236,"column":39}},"25":{"start":{"line":237,"column":2},"end":{"line":241,"column":null}},"26":{"start":{"line":238,"column":4},"end":{"line":238,"column":46}},"27":{"start":{"line":240,"column":4},"end":{"line":240,"column":61}},"28":{"start":{"line":244,"column":31},"end":{"line":247,"column":1}},"29":{"start":{"line":245,"column":18},"end":{"line":245,"column":44}},"30":{"start":{"line":246,"column":2},"end":{"line":246,"column":25}},"31":{"start":{"line":254,"column":50},"end":{"line":585,"column":1}},"32":{"start":{"line":255,"column":48},"end":{"line":259,"column":4}},"33":{"start":{"line":260,"column":42},"end":{"line":260,"column":54}},"34":{"start":{"line":261,"column":40},"end":{"line":261,"column":55}},"35":{"start":{"line":262,"column":40},"end":{"line":262,"column":77}},"36":{"start":{"line":263,"column":19},"end":{"line":263,"column":49}},"37":{"start":{"line":266,"column":2},"end":{"line":270,"column":9}},"38":{"start":{"line":267,"column":4},"end":{"line":269,"column":null}},"39":{"start":{"line":268,"column":6},"end":{"line":268,"column":31}},"40":{"start":{"line":273,"column":2},"end":{"line":277,"column":24}},"41":{"start":{"line":274,"column":4},"end":{"line":276,"column":null}},"42":{"start":{"line":275,"column":6},"end":{"line":275,"column":55}},"43":{"start":{"line":280,"column":2},"end":{"line":292,"column":26}},"44":{"start":{"line":281,"column":27},"end":{"line":289,"column":12}},"45":{"start":{"line":282,"column":6},"end":{"line":282,"column":27}},"46":{"start":{"line":283,"column":6},"end":{"line":288,"column":9}},"47":{"start":{"line":283,"column":35},"end":{"line":288,"column":8}},"48":{"start":{"line":291,"column":4},"end":{"line":291,"column":46}},"49":{"start":{"line":291,"column":17},"end":{"line":291,"column":45}},"50":{"start":{"line":294,"column":25},"end":{"line":476,"column":3}},"51":{"start":{"line":295,"column":27},"end":{"line":295,"column":41}},"52":{"start":{"line":296,"column":4},"end":{"line":296,"column":32}},"53":{"start":{"line":296,"column":25},"end":{"line":296,"column":32}},"54":{"start":{"line":299,"column":4},"end":{"line":299,"column":73}},"55":{"start":{"line":299,"column":33},"end":{"line":299,"column":71}},"56":{"start":{"line":301,"column":4},"end":{"line":475,"column":null}},"57":{"start":{"line":303,"column":19},"end":{"line":303,"column":21}},"58":{"start":{"line":305,"column":6},"end":{"line":462,"column":null}},"59":{"start":{"line":307,"column":10},"end":{"line":321,"column":33}},"60":{"start":{"line":322,"column":10},"end":{"line":322,"column":16}},"61":{"start":{"line":325,"column":10},"end":{"line":325,"column":139}},"62":{"start":{"line":326,"column":10},"end":{"line":326,"column":16}},"63":{"start":{"line":329,"column":10},"end":{"line":333,"column":82}},"64":{"start":{"line":334,"column":10},"end":{"line":334,"column":16}},"65":{"start":{"line":337,"column":27},"end":{"line":337,"column":91}},"66":{"start":{"line":338,"column":30},"end":{"line":338,"column":65}},"67":{"start":{"line":339,"column":10},"end":{"line":343,"column":46}},"68":{"start":{"line":344,"column":10},"end":{"line":344,"column":16}},"69":{"start":{"line":348,"column":10},"end":{"line":358,"column":29}},"70":{"start":{"line":359,"column":10},"end":{"line":359,"column":16}},"71":{"start":{"line":362,"column":10},"end":{"line":363,"column":51}},"72":{"start":{"line":364,"column":10},"end":{"line":364,"column":16}},"73":{"start":{"line":367,"column":10},"end":{"line":378,"column":91}},"74":{"start":{"line":379,"column":10},"end":{"line":379,"column":16}},"75":{"start":{"line":382,"column":10},"end":{"line":393,"column":3}},"76":{"start":{"line":388,"column":8},"end":{"line":390,"column":81}},"77":{"start":{"line":394,"column":10},"end":{"line":394,"column":16}},"78":{"start":{"line":397,"column":10},"end":{"line":418,"column":13}},"79":{"start":{"line":419,"column":10},"end":{"line":419,"column":16}},"80":{"start":{"line":422,"column":26},"end":{"line":422,"column":74}},"81":{"start":{"line":423,"column":10},"end":{"line":423,"column":38}},"82":{"start":{"line":424,"column":10},"end":{"line":424,"column":16}},"83":{"start":{"line":428,"column":10},"end":{"line":430,"column":95}},"84":{"start":{"line":431,"column":10},"end":{"line":431,"column":16}},"85":{"start":{"line":434,"column":10},"end":{"line":434,"column":26}},"86":{"start":{"line":435,"column":10},"end":{"line":435,"column":16}},"87":{"start":{"line":438,"column":10},"end":{"line":438,"column":27}},"88":{"start":{"line":439,"column":10},"end":{"line":439,"column":16}},"89":{"start":{"line":442,"column":10},"end":{"line":447,"column":13}},"90":{"start":{"line":448,"column":10},"end":{"line":448,"column":17}},"91":{"start":{"line":451,"column":10},"end":{"line":451,"column":32}},"92":{"start":{"line":452,"column":10},"end":{"line":452,"column":72}},"93":{"start":{"line":452,"column":39},"end":{"line":452,"column":70}},"94":{"start":{"line":453,"column":10},"end":{"line":453,"column":17}},"95":{"start":{"line":457,"column":10},"end":{"line":461,"column":null}},"96":{"start":{"line":458,"column":12},"end":{"line":458,"column":112}},"97":{"start":{"line":460,"column":12},"end":{"line":460,"column":97}},"98":{"start":{"line":465,"column":6},"end":{"line":467,"column":null}},"99":{"start":{"line":466,"column":8},"end":{"line":466,"column":60}},"100":{"start":{"line":466,"column":37},"end":{"line":466,"column":58}},"101":{"start":{"line":470,"column":6},"end":{"line":472,"column":null}},"102":{"start":{"line":471,"column":8},"end":{"line":471,"column":60}},"103":{"start":{"line":471,"column":37},"end":{"line":471,"column":58}},"104":{"start":{"line":474,"column":6},"end":{"line":474,"column":95}},"105":{"start":{"line":474,"column":35},"end":{"line":474,"column":93}},"106":{"start":{"line":478,"column":25},"end":{"line":483,"column":3}},"107":{"start":{"line":479,"column":4},"end":{"line":482,"column":null}},"108":{"start":{"line":480,"column":6},"end":{"line":480,"column":35}},"109":{"start":{"line":481,"column":6},"end":{"line":481,"column":26}},"110":{"start":{"line":485,"column":30},"end":{"line":489,"column":3}},"111":{"start":{"line":486,"column":4},"end":{"line":488,"column":null}},"112":{"start":{"line":487,"column":6},"end":{"line":487,"column":31}},"113":{"start":{"line":491,"column":2},"end":{"line":584,"column":4}},"114":{"start":{"line":540,"column":14},"end":{"line":540,"column":31}},"115":{"start":{"line":550,"column":35},"end":{"line":550,"column":66}},"116":{"start":{"line":587,"column":33},"end":{"line":3781,"column":1}},"117":{"start":{"line":588,"column":28},"end":{"line":588,"column":54}},"118":{"start":{"line":589,"column":42},"end":{"line":589,"column":75}},"119":{"start":{"line":590,"column":32},"end":{"line":590,"column":46}},"120":{"start":{"line":592,"column":38},"end":{"line":592,"column":53}},"121":{"start":{"line":593,"column":28},"end":{"line":593,"column":57}},"122":{"start":{"line":594,"column":36},"end":{"line":594,"column":64}},"123":{"start":{"line":595,"column":32},"end":{"line":595,"column":56}},"124":{"start":{"line":596,"column":26},"end":{"line":641,"column":4}},"125":{"start":{"line":643,"column":30},"end":{"line":647,"column":3}},"126":{"start":{"line":644,"column":4},"end":{"line":644,"column":35}},"127":{"start":{"line":649,"column":23},"end":{"line":660,"column":3}},"128":{"start":{"line":650,"column":4},"end":{"line":659,"column":null}},"129":{"start":{"line":652,"column":8},"end":{"line":652,"column":64}},"130":{"start":{"line":654,"column":8},"end":{"line":654,"column":72}},"131":{"start":{"line":656,"column":8},"end":{"line":656,"column":63}},"132":{"start":{"line":658,"column":8},"end":{"line":658,"column":63}},"133":{"start":{"line":662,"column":32},"end":{"line":673,"column":3}},"134":{"start":{"line":663,"column":4},"end":{"line":672,"column":null}},"135":{"start":{"line":665,"column":8},"end":{"line":665,"column":25}},"136":{"start":{"line":667,"column":8},"end":{"line":667,"column":25}},"137":{"start":{"line":669,"column":8},"end":{"line":669,"column":25}},"138":{"start":{"line":671,"column":8},"end":{"line":671,"column":25}},"139":{"start":{"line":676,"column":24},"end":{"line":781,"column":3}},"140":{"start":{"line":677,"column":32},"end":{"line":677,"column":34}},"141":{"start":{"line":680,"column":4},"end":{"line":709,"column":7}},"142":{"start":{"line":681,"column":6},"end":{"line":695,"column":null}},"143":{"start":{"line":685,"column":8},"end":{"line":694,"column":11}},"144":{"start":{"line":697,"column":6},"end":{"line":708,"column":null}},"145":{"start":{"line":698,"column":8},"end":{"line":707,"column":11}},"146":{"start":{"line":712,"column":4},"end":{"line":730,"column":7}},"147":{"start":{"line":713,"column":6},"end":{"line":729,"column":null}},"148":{"start":{"line":714,"column":8},"end":{"line":728,"column":11}},"149":{"start":{"line":717,"column":25},"end":{"line":717,"column":90}},"150":{"start":{"line":733,"column":4},"end":{"line":744,"column":null}},"151":{"start":{"line":734,"column":6},"end":{"line":743,"column":9}},"152":{"start":{"line":747,"column":4},"end":{"line":758,"column":null}},"153":{"start":{"line":748,"column":6},"end":{"line":757,"column":9}},"154":{"start":{"line":760,"column":4},"end":{"line":771,"column":null}},"155":{"start":{"line":761,"column":6},"end":{"line":770,"column":9}},"156":{"start":{"line":774,"column":4},"end":{"line":780,"column":7}},"157":{"start":{"line":775,"column":28},"end":{"line":775,"column":64}},"158":{"start":{"line":776,"column":6},"end":{"line":778,"column":null}},"159":{"start":{"line":777,"column":8},"end":{"line":777,"column":69}},"160":{"start":{"line":779,"column":6},"end":{"line":779,"column":79}},"161":{"start":{"line":783,"column":28},"end":{"line":965,"column":3}},"162":{"start":{"line":784,"column":4},"end":{"line":964,"column":null}},"163":{"start":{"line":786,"column":23},"end":{"line":786,"column":66}},"164":{"start":{"line":787,"column":19},"end":{"line":787,"column":40}},"165":{"start":{"line":789,"column":6},"end":{"line":791,"column":null}},"166":{"start":{"line":790,"column":8},"end":{"line":790,"column":48}},"167":{"start":{"line":794,"column":27},"end":{"line":794,"column":29}},"168":{"start":{"line":795,"column":6},"end":{"line":801,"column":null}},"169":{"start":{"line":796,"column":29},"end":{"line":796,"column":71}},"170":{"start":{"line":797,"column":25},"end":{"line":797,"column":50}},"171":{"start":{"line":798,"column":8},"end":{"line":798,"column":39}},"172":{"start":{"line":800,"column":8},"end":{"line":800,"column":58}},"173":{"start":{"line":804,"column":29},"end":{"line":804,"column":31}},"174":{"start":{"line":805,"column":6},"end":{"line":811,"column":null}},"175":{"start":{"line":806,"column":31},"end":{"line":806,"column":75}},"176":{"start":{"line":807,"column":27},"end":{"line":807,"column":54}},"177":{"start":{"line":808,"column":8},"end":{"line":808,"column":43}},"178":{"start":{"line":810,"column":8},"end":{"line":810,"column":60}},"179":{"start":{"line":813,"column":6},"end":{"line":958,"column":9}},"180":{"start":{"line":814,"column":27},"end":{"line":814,"column":55}},"181":{"start":{"line":815,"column":31},"end":{"line":815,"column":78}},"182":{"start":{"line":815,"column":59},"end":{"line":815,"column":77}},"183":{"start":{"line":816,"column":27},"end":{"line":816,"column":83}},"184":{"start":{"line":819,"column":25},"end":{"line":835,"column":13}},"185":{"start":{"line":820,"column":32},"end":{"line":820,"column":73}},"186":{"start":{"line":821,"column":30},"end":{"line":835,"column":12}},"187":{"start":{"line":829,"column":49},"end":{"line":829,"column":84}},"188":{"start":{"line":834,"column":79},"end":{"line":834,"column":86}},"189":{"start":{"line":838,"column":27},"end":{"line":851,"column":13}},"190":{"start":{"line":841,"column":14},"end":{"line":842,"column":61}},"191":{"start":{"line":845,"column":32},"end":{"line":851,"column":12}},"192":{"start":{"line":854,"column":8},"end":{"line":867,"column":null}},"193":{"start":{"line":855,"column":10},"end":{"line":857,"column":12}},"194":{"start":{"line":858,"column":10},"end":{"line":866,"column":null}},"195":{"start":{"line":859,"column":12},"end":{"line":865,"column":14}},"196":{"start":{"line":863,"column":28},"end":{"line":863,"column":50}},"197":{"start":{"line":870,"column":37},"end":{"line":921,"column":9}},"198":{"start":{"line":876,"column":30},"end":{"line":876,"column":87}},"199":{"start":{"line":876,"column":55},"end":{"line":876,"column":79}},"200":{"start":{"line":877,"column":28},"end":{"line":877,"column":72}},"201":{"start":{"line":881,"column":12},"end":{"line":882,"column":76}},"202":{"start":{"line":883,"column":28},"end":{"line":883,"column":52}},"203":{"start":{"line":884,"column":35},"end":{"line":884,"column":65}},"204":{"start":{"line":885,"column":33},"end":{"line":885,"column":55}},"205":{"start":{"line":887,"column":34},"end":{"line":887,"column":93}},"206":{"start":{"line":890,"column":34},"end":{"line":890,"column":58}},"207":{"start":{"line":891,"column":34},"end":{"line":891,"column":64}},"208":{"start":{"line":892,"column":39},"end":{"line":892,"column":60}},"209":{"start":{"line":894,"column":37},"end":{"line":896,"column":null}},"210":{"start":{"line":900,"column":34},"end":{"line":909,"column":11}},"211":{"start":{"line":901,"column":12},"end":{"line":908,"column":15}},"212":{"start":{"line":902,"column":31},"end":{"line":902,"column":57}},"213":{"start":{"line":903,"column":40},"end":{"line":903,"column":76}},"214":{"start":{"line":904,"column":14},"end":{"line":907,"column":16}},"215":{"start":{"line":911,"column":10},"end":{"line":920,"column":12}},"216":{"start":{"line":923,"column":8},"end":{"line":957,"column":10}},"217":{"start":{"line":947,"column":50},"end":{"line":953,"column":12}},"218":{"start":{"line":960,"column":6},"end":{"line":960,"column":62}},"219":{"start":{"line":961,"column":6},"end":{"line":961,"column":82}},"220":{"start":{"line":963,"column":6},"end":{"line":963,"column":16}},"221":{"start":{"line":967,"column":17},"end":{"line":978,"column":3}},"222":{"start":{"line":968,"column":16},"end":{"line":968,"column":26}},"223":{"start":{"line":969,"column":20},"end":{"line":969,"column":47}},"224":{"start":{"line":970,"column":21},"end":{"line":970,"column":54}},"225":{"start":{"line":971,"column":23},"end":{"line":971,"column":67}},"226":{"start":{"line":973,"column":4},"end":{"line":975,"column":null}},"227":{"start":{"line":974,"column":6},"end":{"line":974,"column":30}},"228":{"start":{"line":976,"column":24},"end":{"line":976,"column":63}},"229":{"start":{"line":977,"column":4},"end":{"line":977,"column":29}},"230":{"start":{"line":981,"column":20},"end":{"line":998,"column":3}},"231":{"start":{"line":982,"column":27},"end":{"line":982,"column":97}},"232":{"start":{"line":982,"column":55},"end":{"line":982,"column":96}},"233":{"start":{"line":983,"column":4},"end":{"line":985,"column":null}},"234":{"start":{"line":984,"column":6},"end":{"line":984,"column":23}},"235":{"start":{"line":987,"column":23},"end":{"line":987,"column":66}},"236":{"start":{"line":988,"column":16},"end":{"line":988,"column":26}},"237":{"start":{"line":989,"column":19},"end":{"line":989,"column":55}},"238":{"start":{"line":991,"column":17},"end":{"line":991,"column":59}},"239":{"start":{"line":992,"column":18},"end":{"line":992,"column":81}},"240":{"start":{"line":993,"column":20},"end":{"line":993,"column":73}},"241":{"start":{"line":995,"column":4},"end":{"line":995,"column":46}},"242":{"start":{"line":995,"column":18},"end":{"line":995,"column":46}},"243":{"start":{"line":996,"column":4},"end":{"line":996,"column":50}},"244":{"start":{"line":996,"column":19},"end":{"line":996,"column":50}},"245":{"start":{"line":997,"column":4},"end":{"line":997,"column":25}},"246":{"start":{"line":1001,"column":37},"end":{"line":1047,"column":3}},"247":{"start":{"line":1002,"column":4},"end":{"line":1002,"column":26}},"248":{"start":{"line":1002,"column":19},"end":{"line":1002,"column":26}},"249":{"start":{"line":1004,"column":4},"end":{"line":1046,"column":null}},"250":{"start":{"line":1005,"column":6},"end":{"line":1005,"column":26}},"251":{"start":{"line":1008,"column":28},"end":{"line":1008,"column":71}},"252":{"start":{"line":1009,"column":24},"end":{"line":1009,"column":50}},"253":{"start":{"line":1010,"column":30},"end":{"line":1010,"column":98}},"254":{"start":{"line":1010,"column":66},"end":{"line":1010,"column":97}},"255":{"start":{"line":1012,"column":6},"end":{"line":1015,"column":null}},"256":{"start":{"line":1013,"column":8},"end":{"line":1013,"column":65}},"257":{"start":{"line":1014,"column":8},"end":{"line":1014,"column":15}},"258":{"start":{"line":1018,"column":27},"end":{"line":1018,"column":69}},"259":{"start":{"line":1019,"column":23},"end":{"line":1019,"column":48}},"260":{"start":{"line":1020,"column":23},"end":{"line":1020,"column":90}},"261":{"start":{"line":1020,"column":59},"end":{"line":1020,"column":89}},"262":{"start":{"line":1023,"column":29},"end":{"line":1023,"column":73}},"263":{"start":{"line":1024,"column":25},"end":{"line":1024,"column":52}},"264":{"start":{"line":1025,"column":25},"end":{"line":1031,"column":21}},"265":{"start":{"line":1028,"column":12},"end":{"line":1029,"column":70}},"266":{"start":{"line":1034,"column":28},"end":{"line":1034,"column":82}},"267":{"start":{"line":1037,"column":6},"end":{"line":1037,"column":37}},"268":{"start":{"line":1038,"column":6},"end":{"line":1040,"column":8}},"269":{"start":{"line":1039,"column":8},"end":{"line":1039,"column":80}},"270":{"start":{"line":1039,"column":33},"end":{"line":1039,"column":78}},"271":{"start":{"line":1042,"column":6},"end":{"line":1042,"column":60}},"272":{"start":{"line":1045,"column":6},"end":{"line":1045,"column":50}},"273":{"start":{"line":1045,"column":23},"end":{"line":1045,"column":43}},"274":{"start":{"line":1050,"column":31},"end":{"line":1105,"column":3}},"275":{"start":{"line":1056,"column":27},"end":{"line":1056,"column":86}},"276":{"start":{"line":1057,"column":25},"end":{"line":1057,"column":49}},"277":{"start":{"line":1058,"column":28},"end":{"line":1058,"column":52}},"278":{"start":{"line":1061,"column":21},"end":{"line":1061,"column":36}},"279":{"start":{"line":1062,"column":20},"end":{"line":1062,"column":64}},"280":{"start":{"line":1063,"column":29},"end":{"line":1063,"column":55}},"281":{"start":{"line":1066,"column":21},"end":{"line":1066,"column":99}},"282":{"start":{"line":1067,"column":24},"end":{"line":1069,"column":null}},"283":{"start":{"line":1073,"column":28},"end":{"line":1093,"column":5}},"284":{"start":{"line":1074,"column":22},"end":{"line":1074,"column":24}},"285":{"start":{"line":1075,"column":18},"end":{"line":1075,"column":28}},"286":{"start":{"line":1076,"column":25},"end":{"line":1076,"column":27}},"287":{"start":{"line":1078,"column":6},"end":{"line":1090,"column":null}},"288":{"start":{"line":1078,"column":19},"end":{"line":1078,"column":29}},"289":{"start":{"line":1079,"column":26},"end":{"line":1079,"column":50}},"290":{"start":{"line":1082,"column":21},"end":{"line":1082,"column":51}},"291":{"start":{"line":1083,"column":28},"end":{"line":1083,"column":77}},"292":{"start":{"line":1086,"column":25},"end":{"line":1086,"column":51}},"293":{"start":{"line":1087,"column":22},"end":{"line":1087,"column":86}},"294":{"start":{"line":1089,"column":8},"end":{"line":1089,"column":62}},"295":{"start":{"line":1092,"column":6},"end":{"line":1092,"column":21}},"296":{"start":{"line":1095,"column":4},"end":{"line":1104,"column":6}},"297":{"start":{"line":1108,"column":26},"end":{"line":1174,"column":3}},"298":{"start":{"line":1109,"column":33},"end":{"line":1109,"column":67}},"299":{"start":{"line":1110,"column":23},"end":{"line":1110,"column":56}},"300":{"start":{"line":1112,"column":41},"end":{"line":1122,"column":7}},"301":{"start":{"line":1112,"column":69},"end":{"line":1122,"column":6}},"302":{"start":{"line":1121,"column":73},"end":{"line":1121,"column":80}},"303":{"start":{"line":1124,"column":41},"end":{"line":1130,"column":7}},"304":{"start":{"line":1124,"column":73},"end":{"line":1130,"column":6}},"305":{"start":{"line":1132,"column":20},"end":{"line":1135,"column":null}},"306":{"start":{"line":1138,"column":4},"end":{"line":1173,"column":6}},"307":{"start":{"line":1141,"column":36},"end":{"line":1141,"column":54}},"308":{"start":{"line":1163,"column":54},"end":{"line":1169,"column":8}},"309":{"start":{"line":1177,"column":30},"end":{"line":1183,"column":3}},"310":{"start":{"line":1179,"column":4},"end":{"line":1179,"column":26}},"311":{"start":{"line":1182,"column":4},"end":{"line":1182,"column":48}},"312":{"start":{"line":1186,"column":2},"end":{"line":1211,"column":21}},"313":{"start":{"line":1187,"column":20},"end":{"line":1187,"column":24}},"314":{"start":{"line":1189,"column":4},"end":{"line":1206,"column":null}},"315":{"start":{"line":1190,"column":24},"end":{"line":1190,"column":48}},"316":{"start":{"line":1191,"column":25},"end":{"line":1191,"column":64}},"317":{"start":{"line":1194,"column":25},"end":{"line":1194,"column":134}},"318":{"start":{"line":1195,"column":24},"end":{"line":1195,"column":144}},"319":{"start":{"line":1196,"column":27},"end":{"line":1198,"column":42}},"320":{"start":{"line":1199,"column":23},"end":{"line":1199,"column":163}},"321":{"start":{"line":1202,"column":6},"end":{"line":1202,"column":41}},"322":{"start":{"line":1203,"column":6},"end":{"line":1203,"column":39}},"323":{"start":{"line":1204,"column":6},"end":{"line":1204,"column":46}},"324":{"start":{"line":1205,"column":6},"end":{"line":1205,"column":37}},"325":{"start":{"line":1208,"column":4},"end":{"line":1210,"column":6}},"326":{"start":{"line":1209,"column":6},"end":{"line":1209,"column":24}},"327":{"start":{"line":1214,"column":27},"end":{"line":1280,"column":3}},"328":{"start":{"line":1215,"column":22},"end":{"line":1215,"column":46}},"329":{"start":{"line":1216,"column":23},"end":{"line":1216,"column":62}},"330":{"start":{"line":1218,"column":4},"end":{"line":1279,"column":null}},"331":{"start":{"line":1220,"column":8},"end":{"line":1220,"column":138}},"332":{"start":{"line":1222,"column":8},"end":{"line":1222,"column":117}},"333":{"start":{"line":1224,"column":8},"end":{"line":1224,"column":154}},"334":{"start":{"line":1226,"column":8},"end":{"line":1226,"column":154}},"335":{"start":{"line":1228,"column":8},"end":{"line":1228,"column":127}},"336":{"start":{"line":1230,"column":8},"end":{"line":1234,"column":11}},"337":{"start":{"line":1239,"column":10},"end":{"line":1239,"column":99}},"338":{"start":{"line":1240,"column":27},"end":{"line":1268,"column":10}},"339":{"start":{"line":1271,"column":8},"end":{"line":1273,"column":null}},"340":{"start":{"line":1272,"column":10},"end":{"line":1272,"column":48}},"341":{"start":{"line":1275,"column":8},"end":{"line":1275,"column":51}},"342":{"start":{"line":1278,"column":8},"end":{"line":1278,"column":65}},"343":{"start":{"line":1283,"column":25},"end":{"line":1283,"column":76}},"344":{"start":{"line":1284,"column":28},"end":{"line":1284,"column":55}},"345":{"start":{"line":1285,"column":26},"end":{"line":1285,"column":54}},"346":{"start":{"line":1287,"column":22},"end":{"line":1314,"column":3}},"347":{"start":{"line":1288,"column":4},"end":{"line":1288,"column":74}},"348":{"start":{"line":1291,"column":4},"end":{"line":1293,"column":null}},"349":{"start":{"line":1292,"column":6},"end":{"line":1292,"column":54}},"350":{"start":{"line":1296,"column":4},"end":{"line":1313,"column":7}},"351":{"start":{"line":1297,"column":29},"end":{"line":1297,"column":51}},"352":{"start":{"line":1298,"column":6},"end":{"line":1312,"column":null}},"353":{"start":{"line":1299,"column":8},"end":{"line":1308,"column":11}},"354":{"start":{"line":1300,"column":26},"end":{"line":1300,"column":41}},"355":{"start":{"line":1303,"column":10},"end":{"line":1305,"column":13}},"356":{"start":{"line":1304,"column":12},"end":{"line":1304,"column":74}},"357":{"start":{"line":1307,"column":10},"end":{"line":1307,"column":25}},"358":{"start":{"line":1311,"column":8},"end":{"line":1311,"column":36}},"359":{"start":{"line":1317,"column":2},"end":{"line":1323,"column":9}},"360":{"start":{"line":1318,"column":4},"end":{"line":1322,"column":6}},"361":{"start":{"line":1319,"column":6},"end":{"line":1321,"column":null}},"362":{"start":{"line":1320,"column":8},"end":{"line":1320,"column":56}},"363":{"start":{"line":1326,"column":2},"end":{"line":1339,"column":22}},"364":{"start":{"line":1327,"column":4},"end":{"line":1338,"column":null}},"365":{"start":{"line":1328,"column":24},"end":{"line":1328,"column":47}},"366":{"start":{"line":1331,"column":8},"end":{"line":1331,"column":84}},"367":{"start":{"line":1333,"column":6},"end":{"line":1337,"column":null}},"368":{"start":{"line":1334,"column":8},"end":{"line":1336,"column":15}},"369":{"start":{"line":1335,"column":10},"end":{"line":1335,"column":55}},"370":{"start":{"line":1342,"column":2},"end":{"line":1361,"column":9}},"371":{"start":{"line":1343,"column":28},"end":{"line":1358,"column":5}},"372":{"start":{"line":1344,"column":6},"end":{"line":1357,"column":null}},"373":{"start":{"line":1345,"column":8},"end":{"line":1345,"column":25}},"374":{"start":{"line":1346,"column":26},"end":{"line":1346,"column":51}},"375":{"start":{"line":1347,"column":8},"end":{"line":1347,"column":28}},"376":{"start":{"line":1349,"column":8},"end":{"line":1351,"column":null}},"377":{"start":{"line":1350,"column":10},"end":{"line":1350,"column":40}},"378":{"start":{"line":1353,"column":8},"end":{"line":1353,"column":59}},"379":{"start":{"line":1354,"column":8},"end":{"line":1354,"column":90}},"380":{"start":{"line":1356,"column":8},"end":{"line":1356,"column":26}},"381":{"start":{"line":1360,"column":4},"end":{"line":1360,"column":22}},"382":{"start":{"line":1364,"column":2},"end":{"line":1564,"column":9}},"383":{"start":{"line":1365,"column":44},"end":{"line":1365,"column":48}},"384":{"start":{"line":1366,"column":45},"end":{"line":1366,"column":49}},"385":{"start":{"line":1367,"column":20},"end":{"line":1367,"column":24}},"386":{"start":{"line":1369,"column":31},"end":{"line":1543,"column":5}},"387":{"start":{"line":1370,"column":6},"end":{"line":1542,"column":null}},"388":{"start":{"line":1372,"column":29},"end":{"line":1374,"column":49}},"389":{"start":{"line":1375,"column":8},"end":{"line":1375,"column":54}},"390":{"start":{"line":1377,"column":8},"end":{"line":1427,"column":10}},"391":{"start":{"line":1378,"column":10},"end":{"line":1378,"column":33}},"392":{"start":{"line":1378,"column":26},"end":{"line":1378,"column":33}},"393":{"start":{"line":1380,"column":10},"end":{"line":1426,"column":null}},"394":{"start":{"line":1381,"column":31},"end":{"line":1381,"column":53}},"395":{"start":{"line":1382,"column":12},"end":{"line":1423,"column":null}},"396":{"start":{"line":1387,"column":14},"end":{"line":1387,"column":73}},"397":{"start":{"line":1390,"column":14},"end":{"line":1417,"column":null}},"398":{"start":{"line":1391,"column":33},"end":{"line":1391,"column":79}},"399":{"start":{"line":1392,"column":33},"end":{"line":1399,"column":18}},"400":{"start":{"line":1395,"column":76},"end":{"line":1395,"column":94}},"401":{"start":{"line":1401,"column":16},"end":{"line":1401,"column":49}},"402":{"start":{"line":1402,"column":16},"end":{"line":1402,"column":48}},"403":{"start":{"line":1405,"column":35},"end":{"line":1415,"column":18}},"404":{"start":{"line":1416,"column":16},"end":{"line":1416,"column":49}},"405":{"start":{"line":1420,"column":14},"end":{"line":1422,"column":null}},"406":{"start":{"line":1421,"column":16},"end":{"line":1421,"column":72}},"407":{"start":{"line":1425,"column":12},"end":{"line":1425,"column":65}},"408":{"start":{"line":1430,"column":30},"end":{"line":1432,"column":50}},"409":{"start":{"line":1433,"column":8},"end":{"line":1433,"column":56}},"410":{"start":{"line":1435,"column":8},"end":{"line":1461,"column":10}},"411":{"start":{"line":1436,"column":10},"end":{"line":1436,"column":33}},"412":{"start":{"line":1436,"column":26},"end":{"line":1436,"column":33}},"413":{"start":{"line":1438,"column":10},"end":{"line":1460,"column":null}},"414":{"start":{"line":1439,"column":31},"end":{"line":1439,"column":53}},"415":{"start":{"line":1440,"column":12},"end":{"line":1457,"column":null}},"416":{"start":{"line":1441,"column":32},"end":{"line":1441,"column":49}},"417":{"start":{"line":1443,"column":14},"end":{"line":1456,"column":null}},"418":{"start":{"line":1450,"column":33},"end":{"line":1454,"column":18}},"419":{"start":{"line":1455,"column":16},"end":{"line":1455,"column":48}},"420":{"start":{"line":1459,"column":12},"end":{"line":1459,"column":66}},"421":{"start":{"line":1463,"column":8},"end":{"line":1463,"column":54}},"422":{"start":{"line":1466,"column":30},"end":{"line":1536,"column":17}},"423":{"start":{"line":1467,"column":10},"end":{"line":1467,"column":33}},"424":{"start":{"line":1467,"column":26},"end":{"line":1467,"column":33}},"425":{"start":{"line":1469,"column":34},"end":{"line":1521,"column":12}},"426":{"start":{"line":1523,"column":27},"end":{"line":1523,"column":94}},"427":{"start":{"line":1524,"column":29},"end":{"line":1534,"column":12}},"428":{"start":{"line":1535,"column":10},"end":{"line":1535,"column":43}},"429":{"start":{"line":1539,"column":9},"end":{"line":1539,"column":54}},"430":{"start":{"line":1541,"column":8},"end":{"line":1541,"column":55}},"431":{"start":{"line":1545,"column":4},"end":{"line":1545,"column":25}},"432":{"start":{"line":1547,"column":4},"end":{"line":1563,"column":6}},"433":{"start":{"line":1548,"column":6},"end":{"line":1548,"column":24}},"434":{"start":{"line":1551,"column":6},"end":{"line":1553,"column":null}},"435":{"start":{"line":1552,"column":9},"end":{"line":1552,"column":47}},"436":{"start":{"line":1554,"column":6},"end":{"line":1556,"column":null}},"437":{"start":{"line":1555,"column":9},"end":{"line":1555,"column":48}},"438":{"start":{"line":1559,"column":6},"end":{"line":1562,"column":null}},"439":{"start":{"line":1560,"column":8},"end":{"line":1560,"column":53}},"440":{"start":{"line":1561,"column":8},"end":{"line":1561,"column":45}},"441":{"start":{"line":1567,"column":2},"end":{"line":1712,"column":21}},"442":{"start":{"line":1568,"column":43},"end":{"line":1568,"column":47}},"443":{"start":{"line":1569,"column":20},"end":{"line":1569,"column":24}},"444":{"start":{"line":1570,"column":48},"end":{"line":1570,"column":52}},"445":{"start":{"line":1571,"column":26},"end":{"line":1571,"column":27}},"446":{"start":{"line":1572,"column":32},"end":{"line":1572,"column":36}},"447":{"start":{"line":1574,"column":29},"end":{"line":1592,"column":5}},"448":{"start":{"line":1575,"column":18},"end":{"line":1575,"column":28}},"449":{"start":{"line":1576,"column":6},"end":{"line":1591,"column":null}},"450":{"start":{"line":1578,"column":8},"end":{"line":1580,"column":null}},"451":{"start":{"line":1579,"column":10},"end":{"line":1579,"column":39}},"452":{"start":{"line":1581,"column":8},"end":{"line":1586,"column":58}},"453":{"start":{"line":1582,"column":10},"end":{"line":1585,"column":null}},"454":{"start":{"line":1583,"column":12},"end":{"line":1583,"column":41}},"455":{"start":{"line":1584,"column":12},"end":{"line":1584,"column":70}},"456":{"start":{"line":1589,"column":8},"end":{"line":1589,"column":30}},"457":{"start":{"line":1590,"column":8},"end":{"line":1590,"column":66}},"458":{"start":{"line":1594,"column":26},"end":{"line":1691,"column":5}},"459":{"start":{"line":1595,"column":6},"end":{"line":1595,"column":32}},"460":{"start":{"line":1595,"column":25},"end":{"line":1595,"column":32}},"461":{"start":{"line":1597,"column":6},"end":{"line":1690,"column":null}},"462":{"start":{"line":1599,"column":28},"end":{"line":1601,"column":97}},"463":{"start":{"line":1603,"column":8},"end":{"line":1603,"column":52}},"464":{"start":{"line":1605,"column":8},"end":{"line":1609,"column":10}},"465":{"start":{"line":1606,"column":10},"end":{"line":1608,"column":null}},"466":{"start":{"line":1607,"column":12},"end":{"line":1607,"column":78}},"467":{"start":{"line":1611,"column":8},"end":{"line":1673,"column":10}},"468":{"start":{"line":1612,"column":10},"end":{"line":1612,"column":33}},"469":{"start":{"line":1612,"column":26},"end":{"line":1612,"column":33}},"470":{"start":{"line":1614,"column":10},"end":{"line":1672,"column":null}},"471":{"start":{"line":1615,"column":31},"end":{"line":1615,"column":53}},"472":{"start":{"line":1616,"column":12},"end":{"line":1666,"column":null}},"473":{"start":{"line":1621,"column":30},"end":{"line":1621,"column":47}},"474":{"start":{"line":1624,"column":14},"end":{"line":1655,"column":null}},"475":{"start":{"line":1626,"column":32},"end":{"line":1626,"column":61}},"476":{"start":{"line":1627,"column":34},"end":{"line":1627,"column":68}},"477":{"start":{"line":1628,"column":16},"end":{"line":1654,"column":null}},"478":{"start":{"line":1634,"column":35},"end":{"line":1638,"column":20}},"479":{"start":{"line":1639,"column":18},"end":{"line":1639,"column":54}},"480":{"start":{"line":1642,"column":37},"end":{"line":1652,"column":20}},"481":{"start":{"line":1653,"column":18},"end":{"line":1653,"column":51}},"482":{"start":{"line":1658,"column":14},"end":{"line":1665,"column":null}},"483":{"start":{"line":1659,"column":16},"end":{"line":1663,"column":18}},"484":{"start":{"line":1664,"column":16},"end":{"line":1664,"column":52}},"485":{"start":{"line":1669,"column":12},"end":{"line":1671,"column":null}},"486":{"start":{"line":1670,"column":14},"end":{"line":1670,"column":66}},"487":{"start":{"line":1675,"column":8},"end":{"line":1679,"column":10}},"488":{"start":{"line":1676,"column":10},"end":{"line":1678,"column":null}},"489":{"start":{"line":1677,"column":12},"end":{"line":1677,"column":81}},"490":{"start":{"line":1681,"column":8},"end":{"line":1687,"column":10}},"491":{"start":{"line":1682,"column":10},"end":{"line":1686,"column":null}},"492":{"start":{"line":1683,"column":12},"end":{"line":1685,"column":14}},"493":{"start":{"line":1689,"column":8},"end":{"line":1689,"column":52}},"494":{"start":{"line":1694,"column":25},"end":{"line":1694,"column":55}},"495":{"start":{"line":1696,"column":4},"end":{"line":1711,"column":6}},"496":{"start":{"line":1697,"column":6},"end":{"line":1697,"column":24}},"497":{"start":{"line":1700,"column":6},"end":{"line":1702,"column":null}},"498":{"start":{"line":1701,"column":8},"end":{"line":1701,"column":35}},"499":{"start":{"line":1703,"column":6},"end":{"line":1705,"column":null}},"500":{"start":{"line":1704,"column":8},"end":{"line":1704,"column":37}},"501":{"start":{"line":1708,"column":6},"end":{"line":1710,"column":null}},"502":{"start":{"line":1709,"column":8},"end":{"line":1709,"column":59}},"503":{"start":{"line":1714,"column":27},"end":{"line":1727,"column":3}},"504":{"start":{"line":1715,"column":4},"end":{"line":1721,"column":null}},"505":{"start":{"line":1716,"column":6},"end":{"line":1720,"column":8}},"506":{"start":{"line":1722,"column":4},"end":{"line":1726,"column":6}},"507":{"start":{"line":1729,"column":25},"end":{"line":1738,"column":3}},"508":{"start":{"line":1730,"column":4},"end":{"line":1737,"column":null}},"509":{"start":{"line":1732,"column":8},"end":{"line":1732,"column":25}},"510":{"start":{"line":1734,"column":8},"end":{"line":1734,"column":25}},"511":{"start":{"line":1736,"column":8},"end":{"line":1736,"column":25}},"512":{"start":{"line":1740,"column":28},"end":{"line":1753,"column":3}},"513":{"start":{"line":1741,"column":4},"end":{"line":1752,"column":null}},"514":{"start":{"line":1743,"column":8},"end":{"line":1743,"column":25}},"515":{"start":{"line":1745,"column":8},"end":{"line":1745,"column":25}},"516":{"start":{"line":1747,"column":8},"end":{"line":1747,"column":25}},"517":{"start":{"line":1749,"column":8},"end":{"line":1749,"column":25}},"518":{"start":{"line":1751,"column":8},"end":{"line":1751,"column":25}},"519":{"start":{"line":1755,"column":2},"end":{"line":1769,"column":null}},"520":{"start":{"line":1756,"column":4},"end":{"line":1768,"column":6}},"521":{"start":{"line":1771,"column":2},"end":{"line":3780,"column":4}},"522":{"start":{"line":1860,"column":45},"end":{"line":1860,"column":71}},"523":{"start":{"line":1862,"column":48},"end":{"line":1862,"column":67}},"524":{"start":{"line":1912,"column":43},"end":{"line":1912,"column":63}},"525":{"start":{"line":1917,"column":49},"end":{"line":1917,"column":69}},"526":{"start":{"line":1925,"column":66},"end":{"line":1930,"column":24}},"527":{"start":{"line":1928,"column":46},"end":{"line":1928,"column":66}},"528":{"start":{"line":1973,"column":41},"end":{"line":1973,"column":96}},"529":{"start":{"line":1984,"column":45},"end":{"line":1984,"column":84}},"530":{"start":{"line":1994,"column":66},"end":{"line":2008,"column":24}},"531":{"start":{"line":2001,"column":49},"end":{"line":2001,"column":88}},"532":{"start":{"line":2051,"column":26},"end":{"line":2051,"column":97}},"533":{"start":{"line":2061,"column":45},"end":{"line":2061,"column":87}},"534":{"start":{"line":2071,"column":66},"end":{"line":2085,"column":24}},"535":{"start":{"line":2078,"column":49},"end":{"line":2078,"column":91}},"536":{"start":{"line":2131,"column":51},"end":{"line":2131,"column":81}},"537":{"start":{"line":2173,"column":44},"end":{"line":2173,"column":97}},"538":{"start":{"line":2291,"column":22},"end":{"line":2292,"column":null}},"539":{"start":{"line":2301,"column":39},"end":{"line":2301,"column":64}},"540":{"start":{"line":2499,"column":54},"end":{"line":2499,"column":86}},"541":{"start":{"line":2784,"column":57},"end":{"line":2784,"column":79}},"542":{"start":{"line":2804,"column":57},"end":{"line":2804,"column":79}},"543":{"start":{"line":2824,"column":57},"end":{"line":2824,"column":78}},"544":{"start":{"line":2844,"column":57},"end":{"line":2844,"column":81}},"545":{"start":{"line":3019,"column":54},"end":{"line":3020,"column":null}},"546":{"start":{"line":3022,"column":42},"end":{"line":3022,"column":76}},"547":{"start":{"line":3090,"column":30},"end":{"line":3090,"column":null}},"548":{"start":{"line":3145,"column":32},"end":{"line":3145,"column":null}},"549":{"start":{"line":3208,"column":32},"end":{"line":3208,"column":null}},"550":{"start":{"line":3286,"column":47},"end":{"line":3286,"column":74}},"551":{"start":{"line":3287,"column":28},"end":{"line":3300,"column":null}},"552":{"start":{"line":3288,"column":30},"end":{"line":3299,"column":32}},"553":{"start":{"line":3302,"column":28},"end":{"line":3392,"column":30}},"554":{"start":{"line":3305,"column":34},"end":{"line":3305,"column":null}},"555":{"start":{"line":3420,"column":51},"end":{"line":3420,"column":77}},"556":{"start":{"line":3456,"column":51},"end":{"line":3456,"column":81}},"557":{"start":{"line":3492,"column":51},"end":{"line":3492,"column":80}},"558":{"start":{"line":3528,"column":51},"end":{"line":3528,"column":84}},"559":{"start":{"line":3566,"column":51},"end":{"line":3566,"column":79}},"560":{"start":{"line":3664,"column":40},"end":{"line":3691,"column":47}},"561":{"start":{"line":3666,"column":84},"end":{"line":3669,"column":48}},"562":{"start":{"line":3670,"column":83},"end":{"line":3673,"column":48}},"563":{"start":{"line":3674,"column":87},"end":{"line":3677,"column":48}},"564":{"start":{"line":3678,"column":82},"end":{"line":3681,"column":48}},"565":{"start":{"line":3684,"column":65},"end":{"line":3684,"column":87}},"566":{"start":{"line":3685,"column":65},"end":{"line":3685,"column":87}},"567":{"start":{"line":3686,"column":46},"end":{"line":3686,"column":90}},"568":{"start":{"line":3688,"column":80},"end":{"line":3691,"column":46}},"569":{"start":{"line":3693,"column":38},"end":{"line":3732,"column":40}},"570":{"start":{"line":3695,"column":42},"end":{"line":3696,"column":null}},"571":{"start":{"line":3783,"column":0},"end":{"line":3783,"column":30}}},"fnMap":{"0":{"name":"(anonymous_0)","decl":{"start":{"line":156,"column":48},"end":{"line":156,"column":49}},"loc":{"start":{"line":156,"column":94},"end":{"line":227,"column":1}}},"1":{"name":"(anonymous_1)","decl":{"start":{"line":161,"column":40},"end":{"line":161,"column":41}},"loc":{"start":{"line":161,"column":47},"end":{"line":161,"column":54}}},"2":{"name":"(anonymous_2)","decl":{"start":{"line":162,"column":40},"end":{"line":162,"column":41}},"loc":{"start":{"line":162,"column":47},"end":{"line":162,"column":54}}},"3":{"name":"(anonymous_3)","decl":{"start":{"line":167,"column":9},"end":{"line":167,"column":10}},"loc":{"start":{"line":167,"column":26},"end":{"line":171,"column":5}}},"4":{"name":"(anonymous_4)","decl":{"start":{"line":203,"column":18},"end":{"line":203,"column":19}},"loc":{"start":{"line":203,"column":35},"end":{"line":209,"column":9}}},"5":{"name":"(anonymous_5)","decl":{"start":{"line":230,"column":22},"end":{"line":230,"column":23}},"loc":{"start":{"line":230,"column":50},"end":{"line":233,"column":1}}},"6":{"name":"(anonymous_6)","decl":{"start":{"line":235,"column":18},"end":{"line":235,"column":19}},"loc":{"start":{"line":235,"column":72},"end":{"line":242,"column":1}}},"7":{"name":"(anonymous_7)","decl":{"start":{"line":244,"column":31},"end":{"line":244,"column":32}},"loc":{"start":{"line":244,"column":63},"end":{"line":247,"column":1}}},"8":{"name":"(anonymous_8)","decl":{"start":{"line":254,"column":50},"end":{"line":254,"column":51}},"loc":{"start":{"line":254,"column":71},"end":{"line":585,"column":1}}},"9":{"name":"(anonymous_9)","decl":{"start":{"line":266,"column":12},"end":{"line":266,"column":15}},"loc":{"start":{"line":266,"column":17},"end":{"line":270,"column":3}}},"10":{"name":"(anonymous_10)","decl":{"start":{"line":273,"column":12},"end":{"line":273,"column":15}},"loc":{"start":{"line":273,"column":17},"end":{"line":277,"column":3}}},"11":{"name":"(anonymous_11)","decl":{"start":{"line":280,"column":12},"end":{"line":280,"column":15}},"loc":{"start":{"line":280,"column":17},"end":{"line":292,"column":3}}},"12":{"name":"(anonymous_12)","decl":{"start":{"line":281,"column":38},"end":{"line":281,"column":41}},"loc":{"start":{"line":281,"column":43},"end":{"line":289,"column":5}}},"13":{"name":"(anonymous_13)","decl":{"start":{"line":283,"column":25},"end":{"line":283,"column":26}},"loc":{"start":{"line":283,"column":35},"end":{"line":288,"column":8}}},"14":{"name":"(anonymous_14)","decl":{"start":{"line":291,"column":11},"end":{"line":291,"column":14}},"loc":{"start":{"line":291,"column":17},"end":{"line":291,"column":45}}},"15":{"name":"(anonymous_15)","decl":{"start":{"line":294,"column":25},"end":{"line":294,"column":30}},"loc":{"start":{"line":294,"column":51},"end":{"line":476,"column":3}}},"16":{"name":"(anonymous_16)","decl":{"start":{"line":299,"column":23},"end":{"line":299,"column":24}},"loc":{"start":{"line":299,"column":33},"end":{"line":299,"column":71}}},"17":{"name":"(anonymous_17)","decl":{"start":{"line":387,"column":6},"end":{"line":387,"column":7}},"loc":{"start":{"line":388,"column":8},"end":{"line":390,"column":81}}},"18":{"name":"(anonymous_18)","decl":{"start":{"line":452,"column":29},"end":{"line":452,"column":30}},"loc":{"start":{"line":452,"column":39},"end":{"line":452,"column":70}}},"19":{"name":"(anonymous_19)","decl":{"start":{"line":466,"column":27},"end":{"line":466,"column":28}},"loc":{"start":{"line":466,"column":37},"end":{"line":466,"column":58}}},"20":{"name":"(anonymous_20)","decl":{"start":{"line":471,"column":27},"end":{"line":471,"column":28}},"loc":{"start":{"line":471,"column":37},"end":{"line":471,"column":58}}},"21":{"name":"(anonymous_21)","decl":{"start":{"line":474,"column":25},"end":{"line":474,"column":26}},"loc":{"start":{"line":474,"column":35},"end":{"line":474,"column":93}}},"22":{"name":"(anonymous_22)","decl":{"start":{"line":478,"column":25},"end":{"line":478,"column":26}},"loc":{"start":{"line":478,"column":70},"end":{"line":483,"column":3}}},"23":{"name":"(anonymous_23)","decl":{"start":{"line":485,"column":30},"end":{"line":485,"column":33}},"loc":{"start":{"line":485,"column":35},"end":{"line":489,"column":3}}},"24":{"name":"(anonymous_24)","decl":{"start":{"line":539,"column":33},"end":{"line":539,"column":34}},"loc":{"start":{"line":540,"column":14},"end":{"line":540,"column":31}}},"25":{"name":"(anonymous_25)","decl":{"start":{"line":550,"column":28},"end":{"line":550,"column":29}},"loc":{"start":{"line":550,"column":35},"end":{"line":550,"column":66}}},"26":{"name":"(anonymous_26)","decl":{"start":{"line":587,"column":33},"end":{"line":587,"column":36}},"loc":{"start":{"line":587,"column":38},"end":{"line":3781,"column":1}}},"27":{"name":"(anonymous_27)","decl":{"start":{"line":643,"column":30},"end":{"line":643,"column":31}},"loc":{"start":{"line":643,"column":50},"end":{"line":647,"column":3}}},"28":{"name":"(anonymous_28)","decl":{"start":{"line":649,"column":23},"end":{"line":649,"column":24}},"loc":{"start":{"line":649,"column":44},"end":{"line":660,"column":3}}},"29":{"name":"(anonymous_29)","decl":{"start":{"line":662,"column":32},"end":{"line":662,"column":33}},"loc":{"start":{"line":662,"column":53},"end":{"line":673,"column":3}}},"30":{"name":"(anonymous_30)","decl":{"start":{"line":676,"column":24},"end":{"line":676,"column":25}},"loc":{"start":{"line":676,"column":58},"end":{"line":781,"column":3}}},"31":{"name":"(anonymous_31)","decl":{"start":{"line":680,"column":28},"end":{"line":680,"column":29}},"loc":{"start":{"line":680,"column":42},"end":{"line":709,"column":5}}},"32":{"name":"(anonymous_32)","decl":{"start":{"line":712,"column":24},"end":{"line":712,"column":25}},"loc":{"start":{"line":712,"column":41},"end":{"line":730,"column":5}}},"33":{"name":"(anonymous_33)","decl":{"start":{"line":717,"column":12},"end":{"line":717,"column":13}},"loc":{"start":{"line":717,"column":25},"end":{"line":717,"column":90}}},"34":{"name":"(anonymous_34)","decl":{"start":{"line":774,"column":23},"end":{"line":774,"column":24}},"loc":{"start":{"line":774,"column":32},"end":{"line":780,"column":5}}},"35":{"name":"(anonymous_35)","decl":{"start":{"line":783,"column":28},"end":{"line":783,"column":33}},"loc":{"start":{"line":783,"column":62},"end":{"line":965,"column":3}}},"36":{"name":"(anonymous_36)","decl":{"start":{"line":813,"column":28},"end":{"line":813,"column":29}},"loc":{"start":{"line":813,"column":42},"end":{"line":958,"column":7}}},"37":{"name":"(anonymous_37)","decl":{"start":{"line":815,"column":47},"end":{"line":815,"column":48}},"loc":{"start":{"line":815,"column":59},"end":{"line":815,"column":77}}},"38":{"name":"(anonymous_38)","decl":{"start":{"line":820,"column":18},"end":{"line":820,"column":19}},"loc":{"start":{"line":820,"column":32},"end":{"line":820,"column":73}}},"39":{"name":"(anonymous_39)","decl":{"start":{"line":821,"column":15},"end":{"line":821,"column":16}},"loc":{"start":{"line":821,"column":30},"end":{"line":835,"column":12}}},"40":{"name":"(anonymous_40)","decl":{"start":{"line":829,"column":16},"end":{"line":829,"column":17}},"loc":{"start":{"line":829,"column":49},"end":{"line":829,"column":84}}},"41":{"name":"(anonymous_41)","decl":{"start":{"line":834,"column":67},"end":{"line":834,"column":68}},"loc":{"start":{"line":834,"column":79},"end":{"line":834,"column":86}}},"42":{"name":"(anonymous_42)","decl":{"start":{"line":840,"column":12},"end":{"line":840,"column":13}},"loc":{"start":{"line":841,"column":14},"end":{"line":842,"column":61}}},"43":{"name":"(anonymous_43)","decl":{"start":{"line":845,"column":15},"end":{"line":845,"column":16}},"loc":{"start":{"line":845,"column":32},"end":{"line":851,"column":12}}},"44":{"name":"(anonymous_44)","decl":{"start":{"line":863,"column":21},"end":{"line":863,"column":22}},"loc":{"start":{"line":863,"column":28},"end":{"line":863,"column":50}}},"45":{"name":"(anonymous_45)","decl":{"start":{"line":870,"column":37},"end":{"line":870,"column":null}},"loc":{"start":{"line":874,"column":25},"end":{"line":921,"column":9}}},"46":{"name":"(anonymous_46)","decl":{"start":{"line":876,"column":46},"end":{"line":876,"column":47}},"loc":{"start":{"line":876,"column":55},"end":{"line":876,"column":79}}},"47":{"name":"(anonymous_47)","decl":{"start":{"line":900,"column":34},"end":{"line":900,"column":35}},"loc":{"start":{"line":900,"column":59},"end":{"line":909,"column":11}}},"48":{"name":"(anonymous_48)","decl":{"start":{"line":901,"column":46},"end":{"line":901,"column":47}},"loc":{"start":{"line":901,"column":55},"end":{"line":908,"column":13}}},"49":{"name":"(anonymous_49)","decl":{"start":{"line":947,"column":37},"end":{"line":947,"column":38}},"loc":{"start":{"line":947,"column":50},"end":{"line":953,"column":12}}},"50":{"name":"(anonymous_50)","decl":{"start":{"line":967,"column":17},"end":{"line":967,"column":18}},"loc":{"start":{"line":967,"column":55},"end":{"line":978,"column":3}}},"51":{"name":"(anonymous_51)","decl":{"start":{"line":981,"column":20},"end":{"line":981,"column":21}},"loc":{"start":{"line":981,"column":50},"end":{"line":998,"column":3}}},"52":{"name":"(anonymous_52)","decl":{"start":{"line":982,"column":43},"end":{"line":982,"column":44}},"loc":{"start":{"line":982,"column":55},"end":{"line":982,"column":96}}},"53":{"name":"(anonymous_53)","decl":{"start":{"line":1001,"column":37},"end":{"line":1001,"column":42}},"loc":{"start":{"line":1001,"column":79},"end":{"line":1047,"column":3}}},"54":{"name":"(anonymous_54)","decl":{"start":{"line":1010,"column":51},"end":{"line":1010,"column":52}},"loc":{"start":{"line":1010,"column":66},"end":{"line":1010,"column":97}}},"55":{"name":"(anonymous_55)","decl":{"start":{"line":1020,"column":45},"end":{"line":1020,"column":46}},"loc":{"start":{"line":1020,"column":59},"end":{"line":1020,"column":89}}},"56":{"name":"(anonymous_56)","decl":{"start":{"line":1027,"column":10},"end":{"line":1027,"column":11}},"loc":{"start":{"line":1028,"column":12},"end":{"line":1029,"column":70}}},"57":{"name":"(anonymous_57)","decl":{"start":{"line":1038,"column":15},"end":{"line":1038,"column":16}},"loc":{"start":{"line":1039,"column":8},"end":{"line":1039,"column":80}}},"58":{"name":"(anonymous_58)","decl":{"start":{"line":1039,"column":22},"end":{"line":1039,"column":23}},"loc":{"start":{"line":1039,"column":33},"end":{"line":1039,"column":78}}},"59":{"name":"(anonymous_59)","decl":{"start":{"line":1045,"column":17},"end":{"line":1045,"column":20}},"loc":{"start":{"line":1045,"column":23},"end":{"line":1045,"column":43}}},"60":{"name":"(anonymous_60)","decl":{"start":{"line":1050,"column":31},"end":{"line":1050,"column":null}},"loc":{"start":{"line":1054,"column":19},"end":{"line":1105,"column":3}}},"61":{"name":"(anonymous_61)","decl":{"start":{"line":1073,"column":28},"end":{"line":1073,"column":29}},"loc":{"start":{"line":1073,"column":53},"end":{"line":1093,"column":5}}},"62":{"name":"(anonymous_62)","decl":{"start":{"line":1108,"column":26},"end":{"line":1108,"column":27}},"loc":{"start":{"line":1108,"column":92},"end":{"line":1174,"column":3}}},"63":{"name":"(anonymous_63)","decl":{"start":{"line":1112,"column":54},"end":{"line":1112,"column":55}},"loc":{"start":{"line":1112,"column":69},"end":{"line":1122,"column":6}}},"64":{"name":"(anonymous_64)","decl":{"start":{"line":1121,"column":61},"end":{"line":1121,"column":62}},"loc":{"start":{"line":1121,"column":73},"end":{"line":1121,"column":80}}},"65":{"name":"(anonymous_65)","decl":{"start":{"line":1124,"column":56},"end":{"line":1124,"column":57}},"loc":{"start":{"line":1124,"column":73},"end":{"line":1130,"column":6}}},"66":{"name":"(anonymous_66)","decl":{"start":{"line":1141,"column":24},"end":{"line":1141,"column":25}},"loc":{"start":{"line":1141,"column":36},"end":{"line":1141,"column":54}}},"67":{"name":"(anonymous_67)","decl":{"start":{"line":1163,"column":33},"end":{"line":1163,"column":34}},"loc":{"start":{"line":1163,"column":54},"end":{"line":1169,"column":8}}},"68":{"name":"(anonymous_68)","decl":{"start":{"line":1177,"column":30},"end":{"line":1177,"column":35}},"loc":{"start":{"line":1177,"column":57},"end":{"line":1183,"column":3}}},"69":{"name":"(anonymous_69)","decl":{"start":{"line":1186,"column":12},"end":{"line":1186,"column":15}},"loc":{"start":{"line":1186,"column":17},"end":{"line":1211,"column":3}}},"70":{"name":"(anonymous_70)","decl":{"start":{"line":1208,"column":11},"end":{"line":1208,"column":14}},"loc":{"start":{"line":1208,"column":16},"end":{"line":1210,"column":5}}},"71":{"name":"(anonymous_71)","decl":{"start":{"line":1214,"column":27},"end":{"line":1214,"column":28}},"loc":{"start":{"line":1214,"column":71},"end":{"line":1280,"column":3}}},"72":{"name":"(anonymous_72)","decl":{"start":{"line":1287,"column":22},"end":{"line":1287,"column":23}},"loc":{"start":{"line":1287,"column":78},"end":{"line":1314,"column":3}}},"73":{"name":"(anonymous_73)","decl":{"start":{"line":1296,"column":54},"end":{"line":1296,"column":57}},"loc":{"start":{"line":1296,"column":59},"end":{"line":1313,"column":5}}},"74":{"name":"(anonymous_74)","decl":{"start":{"line":1299,"column":16},"end":{"line":1299,"column":17}},"loc":{"start":{"line":1299,"column":29},"end":{"line":1308,"column":9}}},"75":{"name":"(anonymous_75)","decl":{"start":{"line":1303,"column":33},"end":{"line":1303,"column":34}},"loc":{"start":{"line":1303,"column":53},"end":{"line":1305,"column":11}}},"76":{"name":"(anonymous_76)","decl":{"start":{"line":1317,"column":12},"end":{"line":1317,"column":15}},"loc":{"start":{"line":1317,"column":17},"end":{"line":1323,"column":3}}},"77":{"name":"(anonymous_77)","decl":{"start":{"line":1318,"column":11},"end":{"line":1318,"column":14}},"loc":{"start":{"line":1318,"column":16},"end":{"line":1322,"column":5}}},"78":{"name":"(anonymous_78)","decl":{"start":{"line":1326,"column":12},"end":{"line":1326,"column":15}},"loc":{"start":{"line":1326,"column":17},"end":{"line":1339,"column":3}}},"79":{"name":"(anonymous_79)","decl":{"start":{"line":1334,"column":19},"end":{"line":1334,"column":22}},"loc":{"start":{"line":1334,"column":24},"end":{"line":1336,"column":9}}},"80":{"name":"(anonymous_80)","decl":{"start":{"line":1342,"column":12},"end":{"line":1342,"column":15}},"loc":{"start":{"line":1342,"column":17},"end":{"line":1361,"column":3}}},"81":{"name":"(anonymous_81)","decl":{"start":{"line":1343,"column":28},"end":{"line":1343,"column":33}},"loc":{"start":{"line":1343,"column":39},"end":{"line":1358,"column":5}}},"82":{"name":"(anonymous_82)","decl":{"start":{"line":1364,"column":12},"end":{"line":1364,"column":15}},"loc":{"start":{"line":1364,"column":17},"end":{"line":1564,"column":3}}},"83":{"name":"(anonymous_83)","decl":{"start":{"line":1369,"column":31},"end":{"line":1369,"column":34}},"loc":{"start":{"line":1369,"column":36},"end":{"line":1543,"column":5}}},"84":{"name":"(anonymous_84)","decl":{"start":{"line":1377,"column":36},"end":{"line":1377,"column":37}},"loc":{"start":{"line":1377,"column":46},"end":{"line":1427,"column":9}}},"85":{"name":"(anonymous_85)","decl":{"start":{"line":1395,"column":64},"end":{"line":1395,"column":65}},"loc":{"start":{"line":1395,"column":76},"end":{"line":1395,"column":94}}},"86":{"name":"(anonymous_86)","decl":{"start":{"line":1435,"column":37},"end":{"line":1435,"column":38}},"loc":{"start":{"line":1435,"column":47},"end":{"line":1461,"column":9}}},"87":{"name":"(anonymous_87)","decl":{"start":{"line":1466,"column":42},"end":{"line":1466,"column":45}},"loc":{"start":{"line":1466,"column":47},"end":{"line":1536,"column":9}}},"88":{"name":"(anonymous_88)","decl":{"start":{"line":1547,"column":11},"end":{"line":1547,"column":14}},"loc":{"start":{"line":1547,"column":16},"end":{"line":1563,"column":5}}},"89":{"name":"(anonymous_89)","decl":{"start":{"line":1567,"column":12},"end":{"line":1567,"column":15}},"loc":{"start":{"line":1567,"column":17},"end":{"line":1712,"column":3}}},"90":{"name":"(anonymous_90)","decl":{"start":{"line":1574,"column":29},"end":{"line":1574,"column":30}},"loc":{"start":{"line":1574,"column":50},"end":{"line":1592,"column":5}}},"91":{"name":"(anonymous_91)","decl":{"start":{"line":1581,"column":36},"end":{"line":1581,"column":39}},"loc":{"start":{"line":1581,"column":41},"end":{"line":1586,"column":9}}},"92":{"name":"(anonymous_92)","decl":{"start":{"line":1594,"column":26},"end":{"line":1594,"column":29}},"loc":{"start":{"line":1594,"column":31},"end":{"line":1691,"column":5}}},"93":{"name":"(anonymous_93)","decl":{"start":{"line":1605,"column":32},"end":{"line":1605,"column":35}},"loc":{"start":{"line":1605,"column":37},"end":{"line":1609,"column":9}}},"94":{"name":"(anonymous_94)","decl":{"start":{"line":1611,"column":35},"end":{"line":1611,"column":36}},"loc":{"start":{"line":1611,"column":45},"end":{"line":1673,"column":9}}},"95":{"name":"(anonymous_95)","decl":{"start":{"line":1675,"column":33},"end":{"line":1675,"column":34}},"loc":{"start":{"line":1675,"column":43},"end":{"line":1679,"column":9}}},"96":{"name":"(anonymous_96)","decl":{"start":{"line":1681,"column":33},"end":{"line":1681,"column":34}},"loc":{"start":{"line":1681,"column":43},"end":{"line":1687,"column":9}}},"97":{"name":"(anonymous_97)","decl":{"start":{"line":1696,"column":11},"end":{"line":1696,"column":14}},"loc":{"start":{"line":1696,"column":16},"end":{"line":1711,"column":5}}},"98":{"name":"(anonymous_98)","decl":{"start":{"line":1714,"column":27},"end":{"line":1714,"column":28}},"loc":{"start":{"line":1714,"column":56},"end":{"line":1727,"column":3}}},"99":{"name":"(anonymous_99)","decl":{"start":{"line":1729,"column":25},"end":{"line":1729,"column":26}},"loc":{"start":{"line":1729,"column":44},"end":{"line":1738,"column":3}}},"100":{"name":"(anonymous_100)","decl":{"start":{"line":1740,"column":28},"end":{"line":1740,"column":29}},"loc":{"start":{"line":1740,"column":47},"end":{"line":1753,"column":3}}},"101":{"name":"(anonymous_101)","decl":{"start":{"line":1860,"column":38},"end":{"line":1860,"column":39}},"loc":{"start":{"line":1860,"column":45},"end":{"line":1860,"column":71}}},"102":{"name":"(anonymous_102)","decl":{"start":{"line":1862,"column":41},"end":{"line":1862,"column":42}},"loc":{"start":{"line":1862,"column":48},"end":{"line":1862,"column":67}}},"103":{"name":"(anonymous_103)","decl":{"start":{"line":1912,"column":36},"end":{"line":1912,"column":37}},"loc":{"start":{"line":1912,"column":43},"end":{"line":1912,"column":63}}},"104":{"name":"(anonymous_104)","decl":{"start":{"line":1917,"column":42},"end":{"line":1917,"column":43}},"loc":{"start":{"line":1917,"column":49},"end":{"line":1917,"column":69}}},"105":{"name":"(anonymous_105)","decl":{"start":{"line":1925,"column":55},"end":{"line":1925,"column":56}},"loc":{"start":{"line":1925,"column":66},"end":{"line":1930,"column":24}}},"106":{"name":"(anonymous_106)","decl":{"start":{"line":1928,"column":39},"end":{"line":1928,"column":40}},"loc":{"start":{"line":1928,"column":46},"end":{"line":1928,"column":66}}},"107":{"name":"(anonymous_107)","decl":{"start":{"line":1973,"column":26},"end":{"line":1973,"column":27}},"loc":{"start":{"line":1973,"column":41},"end":{"line":1973,"column":96}}},"108":{"name":"(anonymous_108)","decl":{"start":{"line":1984,"column":30},"end":{"line":1984,"column":31}},"loc":{"start":{"line":1984,"column":45},"end":{"line":1984,"column":84}}},"109":{"name":"(anonymous_109)","decl":{"start":{"line":1994,"column":55},"end":{"line":1994,"column":56}},"loc":{"start":{"line":1994,"column":66},"end":{"line":2008,"column":24}}},"110":{"name":"(anonymous_110)","decl":{"start":{"line":2001,"column":34},"end":{"line":2001,"column":35}},"loc":{"start":{"line":2001,"column":49},"end":{"line":2001,"column":88}}},"111":{"name":"(anonymous_111)","decl":{"start":{"line":2050,"column":37},"end":{"line":2050,"column":38}},"loc":{"start":{"line":2050,"column":51},"end":{"line":2052,"column":25}}},"112":{"name":"(anonymous_112)","decl":{"start":{"line":2061,"column":30},"end":{"line":2061,"column":31}},"loc":{"start":{"line":2061,"column":45},"end":{"line":2061,"column":87}}},"113":{"name":"(anonymous_113)","decl":{"start":{"line":2071,"column":55},"end":{"line":2071,"column":56}},"loc":{"start":{"line":2071,"column":66},"end":{"line":2085,"column":24}}},"114":{"name":"(anonymous_114)","decl":{"start":{"line":2078,"column":34},"end":{"line":2078,"column":35}},"loc":{"start":{"line":2078,"column":49},"end":{"line":2078,"column":91}}},"115":{"name":"(anonymous_115)","decl":{"start":{"line":2131,"column":36},"end":{"line":2131,"column":37}},"loc":{"start":{"line":2131,"column":51},"end":{"line":2131,"column":81}}},"116":{"name":"(anonymous_116)","decl":{"start":{"line":2173,"column":37},"end":{"line":2173,"column":38}},"loc":{"start":{"line":2173,"column":44},"end":{"line":2173,"column":97}}},"117":{"name":"(anonymous_117)","decl":{"start":{"line":2290,"column":31},"end":{"line":2290,"column":32}},"loc":{"start":{"line":2291,"column":22},"end":{"line":2292,"column":null}}},"118":{"name":"(anonymous_118)","decl":{"start":{"line":2301,"column":33},"end":{"line":2301,"column":36}},"loc":{"start":{"line":2301,"column":39},"end":{"line":2301,"column":64}}},"119":{"name":"(anonymous_119)","decl":{"start":{"line":2499,"column":32},"end":{"line":2499,"column":33}},"loc":{"start":{"line":2499,"column":54},"end":{"line":2499,"column":86}}},"120":{"name":"(anonymous_120)","decl":{"start":{"line":2784,"column":50},"end":{"line":2784,"column":51}},"loc":{"start":{"line":2784,"column":57},"end":{"line":2784,"column":79}}},"121":{"name":"(anonymous_121)","decl":{"start":{"line":2804,"column":50},"end":{"line":2804,"column":51}},"loc":{"start":{"line":2804,"column":57},"end":{"line":2804,"column":79}}},"122":{"name":"(anonymous_122)","decl":{"start":{"line":2824,"column":50},"end":{"line":2824,"column":51}},"loc":{"start":{"line":2824,"column":57},"end":{"line":2824,"column":78}}},"123":{"name":"(anonymous_123)","decl":{"start":{"line":2844,"column":50},"end":{"line":2844,"column":51}},"loc":{"start":{"line":2844,"column":57},"end":{"line":2844,"column":81}}},"124":{"name":"(anonymous_124)","decl":{"start":{"line":3018,"column":42},"end":{"line":3018,"column":45}},"loc":{"start":{"line":3018,"column":47},"end":{"line":3023,"column":41}}},"125":{"name":"(anonymous_125)","decl":{"start":{"line":3089,"column":57},"end":{"line":3089,"column":58}},"loc":{"start":{"line":3090,"column":30},"end":{"line":3090,"column":null}}},"126":{"name":"(anonymous_126)","decl":{"start":{"line":3144,"column":66},"end":{"line":3144,"column":67}},"loc":{"start":{"line":3145,"column":32},"end":{"line":3145,"column":null}}},"127":{"name":"(anonymous_127)","decl":{"start":{"line":3207,"column":55},"end":{"line":3207,"column":56}},"loc":{"start":{"line":3208,"column":32},"end":{"line":3208,"column":null}}},"128":{"name":"(anonymous_128)","decl":{"start":{"line":3285,"column":28},"end":{"line":3285,"column":31}},"loc":{"start":{"line":3285,"column":33},"end":{"line":3393,"column":27}}},"129":{"name":"(anonymous_129)","decl":{"start":{"line":3304,"column":48},"end":{"line":3304,"column":49}},"loc":{"start":{"line":3305,"column":34},"end":{"line":3305,"column":null}}},"130":{"name":"(anonymous_130)","decl":{"start":{"line":3420,"column":45},"end":{"line":3420,"column":48}},"loc":{"start":{"line":3420,"column":51},"end":{"line":3420,"column":77}}},"131":{"name":"(anonymous_131)","decl":{"start":{"line":3456,"column":45},"end":{"line":3456,"column":48}},"loc":{"start":{"line":3456,"column":51},"end":{"line":3456,"column":81}}},"132":{"name":"(anonymous_132)","decl":{"start":{"line":3492,"column":45},"end":{"line":3492,"column":48}},"loc":{"start":{"line":3492,"column":51},"end":{"line":3492,"column":80}}},"133":{"name":"(anonymous_133)","decl":{"start":{"line":3528,"column":45},"end":{"line":3528,"column":48}},"loc":{"start":{"line":3528,"column":51},"end":{"line":3528,"column":84}}},"134":{"name":"(anonymous_134)","decl":{"start":{"line":3566,"column":45},"end":{"line":3566,"column":48}},"loc":{"start":{"line":3566,"column":51},"end":{"line":3566,"column":79}}},"135":{"name":"(anonymous_135)","decl":{"start":{"line":3662,"column":38},"end":{"line":3662,"column":41}},"loc":{"start":{"line":3662,"column":43},"end":{"line":3733,"column":37}}},"136":{"name":"(anonymous_136)","decl":{"start":{"line":3666,"column":74},"end":{"line":3666,"column":75}},"loc":{"start":{"line":3666,"column":84},"end":{"line":3669,"column":48}}},"137":{"name":"(anonymous_137)","decl":{"start":{"line":3670,"column":73},"end":{"line":3670,"column":74}},"loc":{"start":{"line":3670,"column":83},"end":{"line":3673,"column":48}}},"138":{"name":"(anonymous_138)","decl":{"start":{"line":3674,"column":77},"end":{"line":3674,"column":78}},"loc":{"start":{"line":3674,"column":87},"end":{"line":3677,"column":48}}},"139":{"name":"(anonymous_139)","decl":{"start":{"line":3678,"column":72},"end":{"line":3678,"column":73}},"loc":{"start":{"line":3678,"column":82},"end":{"line":3681,"column":48}}},"140":{"name":"(anonymous_140)","decl":{"start":{"line":3682,"column":51},"end":{"line":3682,"column":52}},"loc":{"start":{"line":3682,"column":60},"end":{"line":3687,"column":45}}},"141":{"name":"(anonymous_141)","decl":{"start":{"line":3688,"column":70},"end":{"line":3688,"column":71}},"loc":{"start":{"line":3688,"column":80},"end":{"line":3691,"column":46}}},"142":{"name":"(anonymous_142)","decl":{"start":{"line":3694,"column":56},"end":{"line":3694,"column":57}},"loc":{"start":{"line":3695,"column":42},"end":{"line":3696,"column":null}}}},"branchMap":{"0":{"loc":{"start":{"line":156,"column":64},"end":{"line":156,"column":75}},"type":"default-arg","locations":[{"start":{"line":156,"column":72},"end":{"line":156,"column":75}}]},"1":{"loc":{"start":{"line":156,"column":77},"end":{"line":156,"column":88}},"type":"default-arg","locations":[{"start":{"line":156,"column":86},"end":{"line":156,"column":88}}]},"2":{"loc":{"start":{"line":157,"column":2},"end":{"line":159,"column":null}},"type":"if","locations":[{"start":{"line":157,"column":2},"end":{"line":159,"column":null}}]},"3":{"loc":{"start":{"line":157,"column":6},"end":{"line":157,"column":32}},"type":"binary-expr","locations":[{"start":{"line":157,"column":6},"end":{"line":157,"column":11}},{"start":{"line":157,"column":15},"end":{"line":157,"column":32}}]},"4":{"loc":{"start":{"line":163,"column":16},"end":{"line":163,"column":40}},"type":"binary-expr","locations":[{"start":{"line":163,"column":16},"end":{"line":163,"column":35}},{"start":{"line":163,"column":39},"end":{"line":163,"column":40}}]},"5":{"loc":{"start":{"line":170,"column":16},"end":{"line":170,"column":39}},"type":"cond-expr","locations":[{"start":{"line":170,"column":30},"end":{"line":170,"column":33}},{"start":{"line":170,"column":36},"end":{"line":170,"column":39}}]},"6":{"loc":{"start":{"line":237,"column":2},"end":{"line":241,"column":null}},"type":"if","locations":[{"start":{"line":237,"column":2},"end":{"line":241,"column":null}},{"start":{"line":239,"column":9},"end":{"line":241,"column":null}}]},"7":{"loc":{"start":{"line":267,"column":4},"end":{"line":269,"column":null}},"type":"if","locations":[{"start":{"line":267,"column":4},"end":{"line":269,"column":null}}]},"8":{"loc":{"start":{"line":274,"column":4},"end":{"line":276,"column":null}},"type":"if","locations":[{"start":{"line":274,"column":4},"end":{"line":276,"column":null}}]},"9":{"loc":{"start":{"line":296,"column":4},"end":{"line":296,"column":32}},"type":"if","locations":[{"start":{"line":296,"column":4},"end":{"line":296,"column":32}}]},"10":{"loc":{"start":{"line":305,"column":6},"end":{"line":462,"column":null}},"type":"switch","locations":[{"start":{"line":306,"column":8},"end":{"line":322,"column":16}},{"start":{"line":324,"column":8},"end":{"line":326,"column":16}},{"start":{"line":328,"column":8},"end":{"line":334,"column":16}},{"start":{"line":336,"column":8},"end":{"line":345,"column":null}},{"start":{"line":347,"column":8},"end":{"line":359,"column":16}},{"start":{"line":361,"column":8},"end":{"line":364,"column":16}},{"start":{"line":366,"column":8},"end":{"line":379,"column":16}},{"start":{"line":381,"column":8},"end":{"line":394,"column":16}},{"start":{"line":396,"column":8},"end":{"line":419,"column":16}},{"start":{"line":421,"column":8},"end":{"line":425,"column":null}},{"start":{"line":427,"column":8},"end":{"line":431,"column":16}},{"start":{"line":433,"column":8},"end":{"line":435,"column":16}},{"start":{"line":437,"column":8},"end":{"line":439,"column":16}},{"start":{"line":441,"column":8},"end":{"line":448,"column":17}},{"start":{"line":450,"column":8},"end":{"line":453,"column":17}},{"start":{"line":455,"column":8},"end":{"line":461,"column":null}}]},"11":{"loc":{"start":{"line":384,"column":2},"end":{"line":392,"column":null}},"type":"binary-expr","locations":[{"start":{"line":384,"column":2},"end":{"line":392,"column":15}},{"start":{"line":392,"column":19},"end":{"line":392,"column":null}}]},"12":{"loc":{"start":{"line":390,"column":18},"end":{"line":390,"column":65}},"type":"cond-expr","locations":[{"start":{"line":390,"column":45},"end":{"line":390,"column":54}},{"start":{"line":390,"column":57},"end":{"line":390,"column":65}}]},"13":{"loc":{"start":{"line":457,"column":10},"end":{"line":461,"column":null}},"type":"if","locations":[{"start":{"line":457,"column":10},"end":{"line":461,"column":null}},{"start":{"line":459,"column":17},"end":{"line":461,"column":null}}]},"14":{"loc":{"start":{"line":457,"column":14},"end":{"line":457,"column":87}},"type":"binary-expr","locations":[{"start":{"line":457,"column":14},"end":{"line":457,"column":46}},{"start":{"line":457,"column":50},"end":{"line":457,"column":87}}]},"15":{"loc":{"start":{"line":465,"column":6},"end":{"line":467,"column":null}},"type":"if","locations":[{"start":{"line":465,"column":6},"end":{"line":467,"column":null}}]},"16":{"loc":{"start":{"line":470,"column":6},"end":{"line":472,"column":null}},"type":"if","locations":[{"start":{"line":470,"column":6},"end":{"line":472,"column":null}}]},"17":{"loc":{"start":{"line":479,"column":4},"end":{"line":482,"column":null}},"type":"if","locations":[{"start":{"line":479,"column":4},"end":{"line":482,"column":null}}]},"18":{"loc":{"start":{"line":486,"column":4},"end":{"line":488,"column":null}},"type":"if","locations":[{"start":{"line":486,"column":4},"end":{"line":488,"column":null}}]},"19":{"loc":{"start":{"line":507,"column":44},"end":{"line":507,"column":79}},"type":"cond-expr","locations":[{"start":{"line":507,"column":58},"end":{"line":507,"column":67}},{"start":{"line":507,"column":70},"end":{"line":507,"column":79}}]},"20":{"loc":{"start":{"line":513,"column":35},"end":{"line":513,"column":70}},"type":"cond-expr","locations":[{"start":{"line":513,"column":49},"end":{"line":513,"column":58}},{"start":{"line":513,"column":61},"end":{"line":513,"column":70}}]},"21":{"loc":{"start":{"line":518,"column":17},"end":{"line":518,"column":60}},"type":"cond-expr","locations":[{"start":{"line":518,"column":31},"end":{"line":518,"column":42}},{"start":{"line":518,"column":45},"end":{"line":518,"column":60}}]},"22":{"loc":{"start":{"line":544,"column":13},"end":{"line":564,"column":null}},"type":"binary-expr","locations":[{"start":{"line":544,"column":13},"end":{"line":544,"column":24}},{"start":{"line":545,"column":14},"end":{"line":563,"column":null}}]},"23":{"loc":{"start":{"line":650,"column":4},"end":{"line":659,"column":null}},"type":"switch","locations":[{"start":{"line":651,"column":6},"end":{"line":652,"column":64}},{"start":{"line":653,"column":6},"end":{"line":654,"column":72}},{"start":{"line":655,"column":6},"end":{"line":656,"column":63}},{"start":{"line":657,"column":6},"end":{"line":658,"column":63}}]},"24":{"loc":{"start":{"line":663,"column":4},"end":{"line":672,"column":null}},"type":"switch","locations":[{"start":{"line":664,"column":6},"end":{"line":665,"column":25}},{"start":{"line":666,"column":6},"end":{"line":667,"column":25}},{"start":{"line":668,"column":6},"end":{"line":669,"column":25}},{"start":{"line":670,"column":6},"end":{"line":671,"column":25}}]},"25":{"loc":{"start":{"line":681,"column":6},"end":{"line":695,"column":null}},"type":"if","locations":[{"start":{"line":681,"column":6},"end":{"line":695,"column":null}}]},"26":{"loc":{"start":{"line":682,"column":8},"end":{"line":683,"column":82}},"type":"binary-expr","locations":[{"start":{"line":682,"column":8},"end":{"line":682,"column":35}},{"start":{"line":683,"column":8},"end":{"line":683,"column":82}}]},"27":{"loc":{"start":{"line":687,"column":20},"end":{"line":687,"column":80}},"type":"cond-expr","locations":[{"start":{"line":687,"column":58},"end":{"line":687,"column":68}},{"start":{"line":687,"column":71},"end":{"line":687,"column":80}}]},"28":{"loc":{"start":{"line":697,"column":6},"end":{"line":708,"column":null}},"type":"if","locations":[{"start":{"line":697,"column":6},"end":{"line":708,"column":null}}]},"29":{"loc":{"start":{"line":697,"column":10},"end":{"line":697,"column":68}},"type":"binary-expr","locations":[{"start":{"line":697,"column":10},"end":{"line":697,"column":38}},{"start":{"line":697,"column":42},"end":{"line":697,"column":68}}]},"30":{"loc":{"start":{"line":713,"column":6},"end":{"line":729,"column":null}},"type":"if","locations":[{"start":{"line":713,"column":6},"end":{"line":729,"column":null}}]},"31":{"loc":{"start":{"line":716,"column":20},"end":{"line":720,"column":23}},"type":"cond-expr","locations":[{"start":{"line":719,"column":14},"end":{"line":719,"column":24}},{"start":{"line":720,"column":14},"end":{"line":720,"column":23}}]},"32":{"loc":{"start":{"line":717,"column":25},"end":{"line":717,"column":90}},"type":"binary-expr","locations":[{"start":{"line":717,"column":25},"end":{"line":717,"column":55}},{"start":{"line":717,"column":59},"end":{"line":717,"column":90}}]},"33":{"loc":{"start":{"line":733,"column":4},"end":{"line":744,"column":null}},"type":"if","locations":[{"start":{"line":733,"column":4},"end":{"line":744,"column":null}}]},"34":{"loc":{"start":{"line":747,"column":4},"end":{"line":758,"column":null}},"type":"if","locations":[{"start":{"line":747,"column":4},"end":{"line":758,"column":null}}]},"35":{"loc":{"start":{"line":750,"column":18},"end":{"line":750,"column":72}},"type":"cond-expr","locations":[{"start":{"line":750,"column":50},"end":{"line":750,"column":60}},{"start":{"line":750,"column":63},"end":{"line":750,"column":72}}]},"36":{"loc":{"start":{"line":760,"column":4},"end":{"line":771,"column":null}},"type":"if","locations":[{"start":{"line":760,"column":4},"end":{"line":771,"column":null}}]},"37":{"loc":{"start":{"line":763,"column":18},"end":{"line":763,"column":75}},"type":"cond-expr","locations":[{"start":{"line":763,"column":53},"end":{"line":763,"column":63}},{"start":{"line":763,"column":66},"end":{"line":763,"column":75}}]},"38":{"loc":{"start":{"line":776,"column":6},"end":{"line":778,"column":null}},"type":"if","locations":[{"start":{"line":776,"column":6},"end":{"line":778,"column":null}}]},"39":{"loc":{"start":{"line":789,"column":6},"end":{"line":791,"col
[...]
nd-expr","locations":[{"start":{"line":3056,"column":48},"end":{"line":3056,"column":57}},{"start":{"line":3057,"column":48},"end":{"line":3057,"column":57}}]},"276":{"loc":{"start":{"line":3061,"column":43},"end":{"line":3061,"column":79}},"type":"cond-expr","locations":[{"start":{"line":3061,"column":67},"end":{"line":3061,"column":72}},{"start":{"line":3061,"column":75},"end":{"line":3061,"column":79}}]},"277":{"loc":{"start":{"line":3182,"column":27},"end":{"line":3265,"column":null}},"type":"cond-expr","locations":[{"start":{"line":3183,"column":28},"end":{"line":3203,"column":null}},{"start":{"line":3206,"column":28},"end":{"line":3264,"column":null}}]},"278":{"loc":{"start":{"line":3216,"column":43},"end":{"line":3219,"column":null}},"type":"cond-expr","locations":[{"start":{"line":3217,"column":44},"end":{"line":3217,"column":100}},{"start":{"line":3219,"column":44},"end":{"line":3219,"column":91}}]},"279":{"loc":{"start":{"line":3234,"column":48},"end":{"line":3234,"column":96}},"type":"cond-expr","locations":[{"start":{"line":3234,"column":75},"end":{"line":3234,"column":84}},{"start":{"line":3234,"column":87},"end":{"line":3234,"column":96}}]},"280":{"loc":{"start":{"line":3251,"column":45},"end":{"line":3256,"column":null}},"type":"binary-expr","locations":[{"start":{"line":3251,"column":45},"end":{"line":3251,"column":60}},{"start":{"line":3252,"column":46},"end":{"line":3255,"column":null}}]},"281":{"loc":{"start":{"line":3287,"column":28},"end":{"line":3300,"column":null}},"type":"if","locations":[{"start":{"line":3287,"column":28},"end":{"line":3300,"column":null}}]},"282":{"loc":{"start":{"line":3364,"column":47},"end":{"line":3373,"column":null}},"type":"binary-expr","locations":[{"start":{"line":3364,"column":47},"end":{"line":3364,"column":58}},{"start":{"line":3364,"column":62},"end":{"line":3364,"column":77}},{"start":{"line":3365,"column":48},"end":{"line":3372,"column":null}}]},"283":{"loc":{"start":{"line":3433,"column":53},"end":{"line":3433,"column":94}},"type":"cond-expr","locations":[{"start":{"line":3433,"column":73},"end":{"line":3433,"column":82}},{"start":{"line":3433,"column":85},"end":{"line":3433,"column":94}}]},"284":{"loc":{"start":{"line":3442,"column":53},"end":{"line":3442,"column":94}},"type":"cond-expr","locations":[{"start":{"line":3442,"column":73},"end":{"line":3442,"column":82}},{"start":{"line":3442,"column":85},"end":{"line":3442,"column":94}}]},"285":{"loc":{"start":{"line":3469,"column":53},"end":{"line":3469,"column":98}},"type":"cond-expr","locations":[{"start":{"line":3469,"column":77},"end":{"line":3469,"column":86}},{"start":{"line":3469,"column":89},"end":{"line":3469,"column":98}}]},"286":{"loc":{"start":{"line":3478,"column":53},"end":{"line":3478,"column":98}},"type":"cond-expr","locations":[{"start":{"line":3478,"column":77},"end":{"line":3478,"column":86}},{"start":{"line":3478,"column":89},"end":{"line":3478,"column":98}}]},"287":{"loc":{"start":{"line":3505,"column":53},"end":{"line":3505,"column":97}},"type":"cond-expr","locations":[{"start":{"line":3505,"column":76},"end":{"line":3505,"column":85}},{"start":{"line":3505,"column":88},"end":{"line":3505,"column":97}}]},"288":{"loc":{"start":{"line":3514,"column":53},"end":{"line":3514,"column":97}},"type":"cond-expr","locations":[{"start":{"line":3514,"column":76},"end":{"line":3514,"column":85}},{"start":{"line":3514,"column":88},"end":{"line":3514,"column":97}}]},"289":{"loc":{"start":{"line":3542,"column":48},"end":{"line":3542,"column":96}},"type":"cond-expr","locations":[{"start":{"line":3542,"column":75},"end":{"line":3542,"column":84}},{"start":{"line":3542,"column":87},"end":{"line":3542,"column":96}}]},"290":{"loc":{"start":{"line":3552,"column":48},"end":{"line":3552,"column":96}},"type":"cond-expr","locations":[{"start":{"line":3552,"column":75},"end":{"line":3552,"column":84}},{"start":{"line":3552,"column":87},"end":{"line":3552,"column":96}}]},"291":{"loc":{"start":{"line":3579,"column":53},"end":{"line":3579,"column":96}},"type":"cond-expr","locations":[{"start":{"line":3579,"column":75},"end":{"line":3579,"column":84}},{"start":{"line":3579,"column":87},"end":{"line":3579,"column":96}}]},"292":{"loc":{"start":{"line":3588,"column":53},"end":{"line":3588,"column":96}},"type":"cond-expr","locations":[{"start":{"line":3588,"column":75},"end":{"line":3588,"column":84}},{"start":{"line":3588,"column":87},"end":{"line":3588,"column":96}}]},"293":{"loc":{"start":{"line":3611,"column":39},"end":{"line":3612,"column":null}},"type":"binary-expr","locations":[{"start":{"line":3611,"column":39},"end":{"line":3611,"column":56}},{"start":{"line":3612,"column":40},"end":{"line":3612,"column":81}}]},"294":{"loc":{"start":{"line":3614,"column":39},"end":{"line":3615,"column":null}},"type":"binary-expr","locations":[{"start":{"line":3614,"column":39},"end":{"line":3614,"column":60}},{"start":{"line":3615,"column":40},"end":{"line":3615,"column":85}}]},"295":{"loc":{"start":{"line":3617,"column":39},"end":{"line":3618,"column":null}},"type":"binary-expr","locations":[{"start":{"line":3617,"column":39},"end":{"line":3617,"column":59}},{"start":{"line":3618,"column":40},"end":{"line":3618,"column":83}}]},"296":{"loc":{"start":{"line":3620,"column":39},"end":{"line":3621,"column":null}},"type":"binary-expr","locations":[{"start":{"line":3620,"column":39},"end":{"line":3620,"column":63}},{"start":{"line":3621,"column":40},"end":{"line":3621,"column":90}}]},"297":{"loc":{"start":{"line":3623,"column":39},"end":{"line":3624,"column":null}},"type":"binary-expr","locations":[{"start":{"line":3623,"column":39},"end":{"line":3623,"column":58}},{"start":{"line":3624,"column":40},"end":{"line":3624,"column":87}}]},"298":{"loc":{"start":{"line":3629,"column":41},"end":{"line":3629,"column":72}},"type":"binary-expr","locations":[{"start":{"line":3629,"column":41},"end":{"line":3629,"column":58}},{"start":{"line":3629,"column":62},"end":{"line":3629,"column":72}}]},"299":{"loc":{"start":{"line":3630,"column":41},"end":{"line":3630,"column":80}},"type":"binary-expr","locations":[{"start":{"line":3630,"column":41},"end":{"line":3630,"column":62}},{"start":{"line":3630,"column":66},"end":{"line":3630,"column":80}}]},"300":{"loc":{"start":{"line":3631,"column":41},"end":{"line":3631,"column":78}},"type":"binary-expr","locations":[{"start":{"line":3631,"column":41},"end":{"line":3631,"column":61}},{"start":{"line":3631,"column":65},"end":{"line":3631,"column":78}}]},"301":{"loc":{"start":{"line":3632,"column":41},"end":{"line":3632,"column":85}},"type":"binary-expr","locations":[{"start":{"line":3632,"column":41},"end":{"line":3632,"column":65}},{"start":{"line":3632,"column":69},"end":{"line":3632,"column":85}}]},"302":{"loc":{"start":{"line":3633,"column":41},"end":{"line":3633,"column":76}},"type":"binary-expr","locations":[{"start":{"line":3633,"column":41},"end":{"line":3633,"column":60}},{"start":{"line":3633,"column":64},"end":{"line":3633,"column":76}}]},"303":{"loc":{"start":{"line":3664,"column":40},"end":{"line":3691,"column":47}},"type":"cond-expr","locations":[{"start":{"line":3665,"column":44},"end":{"line":3687,"column":46}},{"start":{"line":3688,"column":44},"end":{"line":3691,"column":47}}]},"304":{"loc":{"start":{"line":3666,"column":50},"end":{"line":3666,"column":68}},"type":"binary-expr","locations":[{"start":{"line":3666,"column":50},"end":{"line":3666,"column":62}},{"start":{"line":3666,"column":66},"end":{"line":3666,"column":68}}]},"305":{"loc":{"start":{"line":3670,"column":50},"end":{"line":3670,"column":67}},"type":"binary-expr","locations":[{"start":{"line":3670,"column":50},"end":{"line":3670,"column":61}},{"start":{"line":3670,"column":65},"end":{"line":3670,"column":67}}]},"306":{"loc":{"start":{"line":3674,"column":50},"end":{"line":3674,"column":71}},"type":"binary-expr","locations":[{"start":{"line":3674,"column":50},"end":{"line":3674,"column":65}},{"start":{"line":3674,"column":69},"end":{"line":3674,"column":71}}]},"307":{"loc":{"start":{"line":3678,"column":50},"end":{"line":3678,"column":66}},"type":"binary-expr","locations":[{"start":{"line":3678,"column":50},"end":{"line":3678,"column":60}},{"start":{"line":3678,"column":64},"end":{"line":3678,"column":66}}]},"308":{"loc":{"start":{"line":3688,"column":45},"end":{"line":3688,"column":64}},"type":"binary-expr","locations":[{"start":{"line":3688,"column":45},"end":{"line":3688,"column":58}},{"start":{"line":3688,"column":62},"end":{"line":3688,"column":64}}]},"309":{"loc":{"start":{"line":3693,"column":45},"end":{"line":3731,"column":null}},"type":"cond-expr","locations":[{"start":{"line":3694,"column":40},"end":{"line":3725,"column":42}},{"start":{"line":3727,"column":40},"end":{"line":3730,"column":null}}]},"310":{"loc":{"start":{"line":3703,"column":45},"end":{"line":3721,"column":null}},"type":"binary-expr","locations":[{"start":{"line":3703,"column":45},"end":{"line":3703,"column":62}},{"start":{"line":3704,"column":46},"end":{"line":3720,"column":null}}]},"311":{"loc":{"start":{"line":3707,"column":52},"end":{"line":3713,"column":65}},"type":"cond-expr","locations":[{"start":{"line":3708,"column":56},"end":{"line":3708,"column":65}},{"start":{"line":3709,"column":56},"end":{"line":3713,"column":65}}]},"312":{"loc":{"start":{"line":3709,"column":56},"end":{"line":3713,"column":65}},"type":"cond-expr","locations":[{"start":{"line":3710,"column":56},"end":{"line":3710,"column":65}},{"start":{"line":3711,"column":56},"end":{"line":3713,"column":65}}]},"313":{"loc":{"start":{"line":3711,"column":56},"end":{"line":3713,"column":65}},"type":"cond-expr","locations":[{"start":{"line":3712,"column":56},"end":{"line":3712,"column":65}},{"start":{"line":3713,"column":56},"end":{"line":3713,"column":65}}]},"314":{"loc":{"start":{"line":3728,"column":43},"end":{"line":3730,"column":76}},"type":"cond-expr","locations":[{"start":{"line":3729,"column":46},"end":{"line":3729,"column":81}},{"start":{"line":3730,"column":46},"end":{"line":3730,"column":76}}]}},"s":{"0":1,"1":1,"2":1,"3":1,"4":1,"5":297,"6":0,"7":297,"8":4940,"9":297,"10":4940,"11":297,"12":297,"13":4940,"14":4940,"15":4940,"16":297,"17":4940,"18":4940,"19":4940,"20":1,"21":1094,"22":1094,"23":1,"24":57,"25":57,"26":57,"27":0,"28":1,"29":57,"30":57,"31":1,"32":81,"33":81,"34":81,"35":81,"36":81,"37":81,"38":24,"39":0,"40":81,"41":24,"42":0,"43":81,"44":24,"45":0,"46":0,"47":0,"48":24,"49":24,"50":81,"51":0,"52":0,"53":0,"54":0,"55":0,"56":0,"57":0,"58":0,"59":0,"60":0,"61":0,"62":0,"63":0,"64":0,"65":0,"66":0,"67":0,"68":0,"69":0,"70":0,"71":0,"72":0,"73":0,"74":0,"75":0,"76":0,"77":0,"78":0,"79":0,"80":0,"81":0,"82":0,"83":0,"84":0,"85":0,"86":0,"87":0,"88":0,"89":0,"90":0,"91":0,"92":0,"93":0,"94":0,"95":0,"96":0,"97":0,"98":0,"99":0,"100":0,"101":0,"102":0,"103":0,"104":0,"105":0,"106":81,"107":0,"108":0,"109":0,"110":81,"111":0,"112":0,"113":81,"114":243,"115":0,"116":1,"117":142,"118":141,"119":141,"120":141,"121":141,"122":141,"123":141,"124":141,"125":141,"126":0,"127":141,"128":0,"129":0,"130":0,"131":0,"132":0,"133":141,"134":0,"135":0,"136":0,"137":0,"138":0,"139":141,"140":114,"141":114,"142":114,"143":0,"144":114,"145":0,"146":114,"147":0,"148":0,"149":0,"150":114,"151":0,"152":114,"153":0,"154":114,"155":0,"156":114,"157":0,"158":0,"159":0,"160":0,"161":141,"162":28,"163":28,"164":26,"165":26,"166":0,"167":26,"168":26,"169":26,"170":26,"171":26,"172":0,"173":26,"174":26,"175":26,"176":26,"177":26,"178":0,"179":26,"180":416,"181":416,"182":416,"183":416,"184":416,"185":0,"186":0,"187":0,"188":0,"189":416,"190":0,"191":0,"192":416,"193":416,"194":416,"195":0,"196":0,"197":416,"198":416,"199":0,"200":416,"201":416,"202":416,"203":416,"204":416,"205":416,"206":416,"207":416,"208":416,"209":416,"210":416,"211":832,"212":19968,"213":19968,"214":19968,"215":416,"216":416,"217":416,"218":2,"219":2,"220":2,"221":141,"222":418,"223":418,"224":418,"225":418,"226":418,"227":405,"228":13,"229":13,"230":141,"231":2,"232":2,"233":2,"234":0,"235":2,"236":2,"237":2,"238":2,"239":2,"240":2,"241":2,"242":0,"243":2,"244":2,"245":0,"246":141,"247":2,"248":0,"249":2,"250":2,"251":2,"252":2,"253":2,"254":2,"255":2,"256":0,"257":0,"258":2,"259":2,"260":2,"261":0,"262":2,"263":2,"264":2,"265":0,"266":2,"267":2,"268":2,"269":2,"270":4,"271":0,"272":2,"273":2,"274":141,"275":2,"276":2,"277":2,"278":2,"279":2,"280":2,"281":2,"282":2,"283":2,"284":4,"285":4,"286":4,"287":4,"288":4,"289":100,"290":100,"291":100,"292":100,"293":100,"294":100,"295":4,"296":2,"297":141,"298":2,"299":2,"300":2,"301":0,"302":0,"303":2,"304":0,"305":2,"306":2,"307":2,"308":2,"309":141,"310":2,"311":2,"312":141,"313":54,"314":54,"315":26,"316":26,"317":26,"318":26,"319":26,"320":26,"321":26,"322":26,"323":26,"324":26,"325":54,"326":54,"327":141,"328":0,"329":0,"330":0,"331":0,"332":0,"333":0,"334":0,"335":0,"336":0,"337":0,"338":0,"339":0,"340":0,"341":0,"342":0,"343":141,"344":141,"345":141,"346":141,"347":104,"348":104,"349":80,"350":104,"351":20,"352":20,"353":20,"354":20,"355":20,"356":80,"357":20,"358":20,"359":141,"360":28,"361":28,"362":24,"363":141,"364":48,"365":20,"366":20,"367":20,"368":20,"369":20,"370":141,"371":28,"372":28,"373":28,"374":28,"375":28,"376":28,"377":24,"378":0,"379":0,"380":28,"381":28,"382":141,"383":28,"384":28,"385":28,"386":28,"387":28,"388":28,"389":28,"390":28,"391":0,"392":0,"393":0,"394":0,"395":0,"396":0,"397":0,"398":0,"399":0,"400":0,"401":0,"402":0,"403":0,"404":0,"405":0,"406":0,"407":0,"408":28,"409":28,"410":28,"411":0,"412":0,"413":0,"414":0,"415":0,"416":0,"417":0,"418":0,"419":0,"420":0,"421":28,"422":28,"423":0,"424":0,"425":0,"426":0,"427":0,"428":0,"429":28,"430":0,"431":28,"432":28,"433":28,"434":28,"435":28,"436":28,"437":28,"438":28,"439":28,"440":28,"441":141,"442":54,"443":54,"444":54,"445":54,"446":54,"447":54,"448":0,"449":0,"450":0,"451":0,"452":0,"453":0,"454":0,"455":0,"456":0,"457":0,"458":54,"459":2,"460":0,"461":2,"462":2,"463":2,"464":2,"465":0,"466":0,"467":2,"468":0,"469":0,"470":0,"471":0,"472":0,"473":0,"474":0,"475":0,"476":0,"477":0,"478":0,"479":0,"480":0,"481":0,"482":0,"483":0,"484":0,"485":0,"486":0,"487":2,"488":2,"489":1,"490":2,"491":2,"492":1,"493":0,"494":54,"495":54,"496":54,"497":54,"498":54,"499":54,"500":0,"501":54,"502":0,"503":141,"504":57,"505":57,"506":0,"507":141,"508":1151,"509":1151,"510":0,"511":0,"512":141,"513":0,"514":0,"515":0,"516":0,"517":0,"518":0,"519":141,"520":80,"521":61,"522":1037,"523":1037,"524":1037,"525":1037,"526":732,"527":12444,"528":1037,"529":1037,"530":732,"531":12444,"532":1037,"533":1037,"534":732,"535":12444,"536":1037,"537":1037,"538":1037,"539":2,"540":0,"541":0,"542":0,"543":0,"544":0,"545":57,"546":57,"547":57,"548":0,"549":0,"550":57,"551":57,"552":57,"553":0,"554":0,"555":0,"556":0,"557":0,"558":0,"559":0,"560":57,"561":87,"562":87,"563":87,"564":87,"565":501,"566":501,"567":501,"568":0,"569":57,"570":348,"571":1},"f":{"0":297,"1":4940,"2":4940,"3":4940,"4":4940,"5":1094,"6":57,"7":57,"8":81,"9":24,"10":24,"11":24,"12":0,"13":0,"14":24,"15":0,"16":0,"17":0,"18":0,"19":0,"20":0,"21":0,"22":0,"23":0,"24":243,"25":0,"26":142,"27":0,"28":0,"29":0,"30":114,"31":114,"32":0,"33":0,"34":0,"35":28,"36":416,"37":416,"38":0,"39":0,"40":0,"41":0,"42":0,"43":0,"44":0,"45":416,"46":0,"47":832,"48":19968,"49":416,"50":418,"51":2,"52":2,"53":2,"54":2,"55":0,"56":0,"57":2,"58":4,"59":2,"60":2,"61":4,"62":2,"63":0,"64":0,"65":0,"66":2,"67":2,"68":2,"69":54,"70":54,"71":0,"72":104,"73":20,"74":20,"75":80,"76":28,"77":28,"78":48,"79":20,"80":28,"81":28,"82":28,"83":28,"84":0,"85":0,"86":0,"87":0,"88":28,"89":54,"90":0,"91":0,"92":2,"93":0,"94":0,"95":2,"96":2,"97":54,"98":57,"99":1151,"100":0,"101":1037,"102":1037,"103":1037,"104":1037,"105":732,"106":12444,"107":1037,"108":1037,"109":732,"110":12444,"111":1037,"112":1037,"113":732,"114":12444,"115":1037,"116":1037,"117":1037,"118":2,"119":0,"120":0,"121":0,"122":0,"123":0,"124":57,"125":57,"126":0,"127":0,"128":57,"129":0,"130":0,"131":0,"132":0,"133":0,"134":0,"135":57,"136":87,"137":87,"138":87,"139":87,"140":501,"141":0,"142":348},"b":{"0":[0],"1":[0],"2":[0],"3":[297,297],"4":[297,0],"5":[297,4643],"6":[57,0],"7":[0],"8":[0],"9":[0],"10":[0,0,0,0,0,0,0,0,0,0,0,0,0,0,0,0],"11":[0,0],"12":[0,0],"13":[0,0],"14":[0,0],"15":[0],"16":[0],"17":[0],"18":[0],"19":[0,81],"20":[0,81],"21":[0,81],"22":[81,0],"23":[0,0,0,0],"24":[0,0,0,0],"25":[0],"26":[114,114],"27":[0,0],"28":[0],"29":[114,0],"30":[0],"31":[0,0],"32":[0,0],"33":[0],"34":[0],"35":[0,0],"36":[0],"37":[0,0],"38":[0],"39":[0],"40":[26,0],"41":[26,0],"42":[416,0],"43":[416,0],"44":[0,0],"45":[0,0],"46":[0,0],"47":[0,0],"48":[0,0],"49":[0,0],"50":[0,0],"51":[0,0],"52":[0,0],"53":[0,0,0],"54":[0,0],"55":[416],"56":[0],"57":[416,0],"58":[416,0],"59":[416,416],"60":[416,0],"61":[416,0],"62":[0,416],"63":[0,416],"64":[0,416],"65":[416,416],"66":[416,0],"67":[416,0],"68":[416,0],"69":[416,0],"70":[416,416],"71":[416,0],"72":[416,0],"73":[416,0],"74":[416,0],"75":[416,416],"76":[416,0],"77":[416,0],"78":[416,0],"79":[416,416],"80":[416,416],"81":[405],"82":[2,2],"83":[0],"84":[2,2],"85":[0],"86":[2],"87":[0],"88":[0],"89":[0,0],"90":[2,2],"91":[2,2],"92":[0,2],"93":[0,2],"94":[2,0],"95":[2,0],"96":[2,0],"97":[0,0],"98":[0,0],"99":[0,0],"100":[0,0],"101":[0,0],"102":[0,0],"103":[0,0],"104":[0,0],"105":[0,0],"106":[0,0],"107":[0,0,0],"108":[0,0],"109":[2,0],"110":[2,0],"111":[0,2],"112":[2,0],"113":[2,0],"114":[2,0],"115":[2,2],"116":[2,2],"117":[2,0],"118":[2,0],"119":[2,0],"120":[2,2],"121":[2,0],"122":[2,0],"123":[2,0],"124":[2,2],"125":[2,2],"126":[26],"127":[54,26],"128":[26,26],"129":[0,0,0,0,0,0,0,0,0],"130":[0,0],"131":[0,0],"132":[0,0],"133":[0,0],"134":[0,0],"135":[0,0],"136":[0,0],"137":[0,0],"138":[0,0],"139":[0,0],"140":[0,0],"141":[0,0],"142":[0,0],"143":[0,0],"144":[0,0],"145":[0],"146":[0],"147":[80],"148":[20],"149":[80,0],"150":[24],"151":[20],"152":[20],"153":[24],"154":[28,24],"155":[0,28],"156":[0],"157":[0],"158":[0,0,0],"159":[0],"160":[0,0],"161":[0,0],"162":[0,0],"163":[0,0],"164":[0],"165":[0,0],"166":[0,28],"167":[0],"168":[0],"169":[0],"170":[0,0,0],"171":[0,0],"172":[0,0],"173":[0,0],"174":[0],"175":[0,0],"176":[0,0],"177":[0,0],"178":[0,0],"179":[0,0],"180":[28],"181":[28],"182":[28],"183":[0,0],"184":[0],"185":[0],"186":[0],"187":[0,2],"188":[0],"189":[0],"190":[0],"191":[0,0,0],"192":[0],"193":[0,0],"194":[0,0],"195":[0,0],"196":[0],"197":[0,0,0,0],"198":[0,0],"199":[0,0],"200":[0,0],"201":[0,0],"202":[0],"203":[0,0,0],"204":[0],"205":[0,0],"206":[1],"207":[1],"208":[2,1],"209":[54],"210":[0],"211":[0],"212":[54,2],"213":[57],"214":[57,0],"215":[0,0],"216":[1151,0,0],"217":[0,0,0,0,0],"218":[80],"219":[6,55],"220":[6,55],"221":[61,0],"222":[57,4],"223":[1037,0],"224":[57,4],"225":[1037,0],"226":[684,48],"227":[12444,0],"228":[1037,0],"229":[57,4],"230":[1037,0],"231":[684,48],"232":[12444,0],"233":[1037,1037],"234":[1037,1037,1037],"235":[57,4],"236":[57,0],"237":[57,4],"238":[61,4],"239":[0,1037],"240":[1037,0],"241":[1037,0],"242":[0,1037],"243":[1037,0],"244":[0,1037],"245":[1037,0],"246":[1037,0],"247":[1037,0],"248":[0,1037],"249":[1037,0],"250":[0,1037],"251":[1037,0],"252":[1037,1037],"253":[1037,0],"254":[57,4],"255":[57,0],"256":[57,0],"257":[0,57],"258":[57,0],"259":[0,57],"260":[57,0],"261":[57,0],"262":[57,0],"263":[57,0],"264":[57,0],"265":[0,57],"266":[57,0],"267":[0,57],"268":[57,0],"269":[57,0],"270":[57,0],"271":[57,57],"272":[0,57],"273":[0,57],"274":[0,57],"275":[0,57],"276":[0,57],"277":[57,0],"278":[0,0],"279":[0,0],"280":[0,0],"281":[57],"282":[0,0,0],"283":[57,0],"284":[57,0],"285":[0,57],"286":[0,57],"287":[0,57],"288":[0,57],"289":[0,57],"290":[0,57],"291":[0,57],"292":[0,57],"293":[57,57],"294":[57,0],"295":[57,0],"296":[57,0],"297":[57,0],"298":[57,57],"299":[57,0],"300":[57,0],"301":[57,0],"302":[57,0],"303":[57,0],"304":[57,0],"305":[57,0],"306":[57,0],"307":[57,0],"308":[0,0],"309":[57,0],"310":[348,348],"311":[87,261],"312":[87,174],"313":[87,87],"314":[0,0]}}
}
