TN:
SF:src/test-utils.tsx
FN:6,(anonymous_4)
FN:7,(anonymous_5)
FN:14,(anonymous_6)
FN:15,(anonymous_7)
FN:16,(anonymous_8)
FN:18,(anonymous_9)
FN:18,(anonymous_10)
FN:24,(anonymous_11)
FN:29,(anonymous_12)
FNF:9
FNH:0
FNDA:0,(anonymous_4)
FNDA:0,(anonymous_5)
FNDA:0,(anonymous_6)
FNDA:0,(anonymous_7)
FNDA:0,(anonymous_8)
FNDA:0,(anonymous_9)
FNDA:0,(anonymous_10)
FNDA:0,(anonymous_11)
FNDA:0,(anonymous_12)
DA:2,0
DA:3,0
DA:6,0
DA:8,0
DA:9,0
DA:14,0
DA:15,0
DA:16,0
DA:18,0
DA:24,0
DA:25,0
DA:29,0
DA:30,0
DA:33,0
DA:36,0
LF:15
LH:0
BRF:0
BRH:0
end_of_record
TN:
SF:src/components/NodesDashboard.tsx
FN:156,(anonymous_0)
FN:161,(anonymous_1)
FN:162,(anonymous_2)
FN:167,(anonymous_3)
FN:203,(anonymous_4)
FN:230,(anonymous_5)
FN:235,(anonymous_6)
FN:244,(anonymous_7)
FN:254,(anonymous_8)
FN:266,(anonymous_9)
FN:273,(anonymous_10)
FN:280,(anonymous_11)
FN:281,(anonymous_12)
FN:283,(anonymous_13)
FN:291,(anonymous_14)
FN:294,(anonymous_15)
FN:299,(anonymous_16)
FN:387,(anonymous_17)
FN:452,(anonymous_18)
FN:466,(anonymous_19)
FN:471,(anonymous_20)
FN:474,(anonymous_21)
FN:478,(anonymous_22)
FN:485,(anonymous_23)
FN:539,(anonymous_24)
FN:550,(anonymous_25)
FN:587,(anonymous_26)
FN:643,(anonymous_27)
FN:649,(anonymous_28)
FN:662,(anonymous_29)
FN:676,(anonymous_30)
FN:680,(anonymous_31)
FN:712,(anonymous_32)
FN:717,(anonymous_33)
FN:774,(anonymous_34)
FN:783,(anonymous_35)
FN:813,(anonymous_36)
FN:815,(anonymous_37)
FN:820,(anonymous_38)
FN:821,(anonymous_39)
FN:829,(anonymous_40)
FN:834,(anonymous_41)
FN:840,(anonymous_42)
FN:845,(anonymous_43)
FN:863,(anonymous_44)
FN:870,(anonymous_45)
FN:876,(anonymous_46)
FN:900,(anonymous_47)
FN:901,(anonymous_48)
FN:947,(anonymous_49)
FN:967,(anonymous_50)
FN:981,(anonymous_51)
FN:982,(anonymous_52)
FN:1001,(anonymous_53)
FN:1010,(anonymous_54)
FN:1020,(anonymous_55)
FN:1027,(anonymous_56)
FN:1038,(anonymous_57)
FN:1039,(anonymous_58)
FN:1045,(anonymous_59)
FN:1050,(anonymous_60)
FN:1073,(anonymous_61)
FN:1108,(anonymous_62)
FN:1112,(anonymous_63)
FN:1121,(anonymous_64)
FN:1124,(anonymous_65)
FN:1141,(anonymous_66)
FN:1163,(anonymous_67)
FN:1177,(anonymous_68)
FN:1186,(anonymous_69)
FN:1208,(anonymous_70)
FN:1214,(anonymous_71)
FN:1287,(anonymous_72)
FN:1296,(anonymous_73)
FN:1299,(anonymous_74)
FN:1303,(anonymous_75)
FN:1317,(anonymous_76)
FN:1318,(anonymous_77)
FN:1326,(anonymous_78)
FN:1334,(anonymous_79)
FN:1342,(anonymous_80)
FN:1343,(anonymous_81)
FN:1364,(anonymous_82)
FN:1369,(anonymous_83)
FN:1377,(anonymous_84)
FN:1395,(anonymous_85)
FN:1435,(anonymous_86)
FN:1466,(anonymous_87)
FN:1547,(anonymous_88)
FN:1567,(anonymous_89)
FN:1574,(anonymous_90)
FN:1581,(anonymous_91)
FN:1594,(anonymous_92)
FN:1605,(anonymous_93)
FN:1611,(anonymous_94)
FN:1675,(anonymous_95)
FN:1681,(anonymous_96)
FN:1696,(anonymous_97)
FN:1714,(anonymous_98)
FN:1729,(anonymous_99)
FN:1740,(anonymous_100)
FN:1860,(anonymous_101)
FN:1862,(anonymous_102)
FN:1912,(anonymous_103)
FN:1917,(anonymous_104)
FN:1925,(anonymous_105)
FN:1928,(anonymous_106)
FN:1973,(anonymous_107)
FN:1984,(anonymous_108)
FN:1994,(anonymous_109)
FN:2001,(anonymous_110)
FN:2050,(anonymous_111)
FN:2061,(anonymous_112)
FN:2071,(anonymous_113)
FN:2078,(anonymous_114)
FN:2131,(anonymous_115)
FN:2173,(anonymous_116)
FN:2290,(anonymous_117)
FN:2301,(anonymous_118)
FN:2499,(anonymous_119)
FN:2784,(anonymous_120)
FN:2804,(anonymous_121)
FN:2824,(anonymous_122)
FN:2844,(anonymous_123)
FN:3018,(anonymous_124)
FN:3089,(anonymous_125)
FN:3144,(anonymous_126)
FN:3207,(anonymous_127)
FN:3285,(anonymous_128)
FN:3304,(anonymous_129)
FN:3420,(anonymous_130)
FN:3456,(anonymous_131)
FN:3492,(anonymous_132)
FN:3528,(anonymous_133)
FN:3566,(anonymous_134)
FN:3662,(anonymous_135)
FN:3666,(anonymous_136)
FN:3670,(anonymous_137)
FN:3674,(anonymous_138)
FN:3678,(anonymous_139)
FN:3682,(anonymous_140)
FN:3688,(anonymous_141)
FN:3694,(anonymous_142)
FNF:143
FNH:88
FNDA:297,(anonymous_0)
FNDA:4940,(anonymous_1)
FNDA:4940,(anonymous_2)
FNDA:4940,(anonymous_3)
FNDA:4940,(anonymous_4)
FNDA:1094,(anonymous_5)
FNDA:57,(anonymous_6)
FNDA:57,(anonymous_7)
FNDA:81,(anonymous_8)
FNDA:24,(anonymous_9)
FNDA:24,(anonymous_10)
FNDA:24,(anonymous_11)
FNDA:0,(anonymous_12)
FNDA:0,(anonymous_13)
FNDA:24,(anonymous_14)
FNDA:0,(anonymous_15)
FNDA:0,(anonymous_16)
FNDA:0,(anonymous_17)
FNDA:0,(anonymous_18)
FNDA:0,(anonymous_19)
FNDA:0,(anonymous_20)
FNDA:0,(anonymous_21)
FNDA:0,(anonymous_22)
FNDA:0,(anonymous_23)
FNDA:243,(anonymous_24)
FNDA:0,(anonymous_25)
FNDA:142,(anonymous_26)
FNDA:0,(anonymous_27)
FNDA:0,(anonymous_28)
FNDA:0,(anonymous_29)
FNDA:114,(anonymous_30)
FNDA:114,(anonymous_31)
FNDA:0,(anonymous_32)
FNDA:0,(anonymous_33)
FNDA:0,(anonymous_34)
FNDA:28,(anonymous_35)
FNDA:416,(anonymous_36)
FNDA:416,(anonymous_37)
FNDA:0,(anonymous_38)
FNDA:0,(anonymous_39)
FNDA:0,(anonymous_40)
FNDA:0,(anonymous_41)
FNDA:0,(anonymous_42)
FNDA:0,(anonymous_43)
FNDA:0,(anonymous_44)
FNDA:416,(anonymous_45)
FNDA:0,(anonymous_46)
FNDA:832,(anonymous_47)
FNDA:19968,(anonymous_48)
FNDA:416,(anonymous_49)
FNDA:418,(anonymous_50)
FNDA:2,(anonymous_51)
FNDA:2,(anonymous_52)
FNDA:2,(anonymous_53)
FNDA:2,(anonymous_54)
FNDA:0,(anonymous_55)
FNDA:0,(anonymous_56)
FNDA:2,(anonymous_57)
FNDA:4,(anonymous_58)
FNDA:2,(anonymous_59)
FNDA:2,(anonymous_60)
FNDA:4,(anonymous_61)
FNDA:2,(anonymous_62)
FNDA:0,(anonymous_63)
FNDA:0,(anonymous_64)
FNDA:0,(anonymous_65)
FNDA:2,(anonymous_66)
FNDA:2,(anonymous_67)
FNDA:2,(anonymous_68)
FNDA:54,(anonymous_69)
FNDA:54,(anonymous_70)
FNDA:0,(anonymous_71)
FNDA:104,(anonymous_72)
FNDA:20,(anonymous_73)
FNDA:20,(anonymous_74)
FNDA:80,(anonymous_75)
FNDA:28,(anonymous_76)
FNDA:28,(anonymous_77)
FNDA:48,(anonymous_78)
FNDA:20,(anonymous_79)
FNDA:28,(anonymous_80)
FNDA:28,(anonymous_81)
FNDA:28,(anonymous_82)
FNDA:28,(anonymous_83)
FNDA:0,(anonymous_84)
FNDA:0,(anonymous_85)
FNDA:0,(anonymous_86)
FNDA:0,(anonymous_87)
FNDA:28,(anonymous_88)
FNDA:54,(anonymous_89)
FNDA:0,(anonymous_90)
FNDA:0,(anonymous_91)
FNDA:2,(anonymous_92)
FNDA:0,(anonymous_93)
FNDA:0,(anonymous_94)
FNDA:2,(anonymous_95)
FNDA:2,(anonymous_96)
FNDA:54,(anonymous_97)
FNDA:57,(anonymous_98)
FNDA:1151,(anonymous_99)
FNDA:0,(anonymous_100)
FNDA:1037,(anonymous_101)
FNDA:1037,(anonymous_102)
FNDA:1037,(anonymous_103)
FNDA:1037,(anonymous_104)
FNDA:732,(anonymous_105)
FNDA:12444,(anonymous_106)
FNDA:1037,(anonymous_107)
FNDA:1037,(anonymous_108)
FNDA:732,(anonymous_109)
FNDA:12444,(anonymous_110)
FNDA:1037,(anonymous_111)
FNDA:1037,(anonymous_112)
FNDA:732,(anonymous_113)
FNDA:12444,(anonymous_114)
FNDA:1037,(anonymous_115)
FNDA:1037,(anonymous_116)
FNDA:1037,(anonymous_117)
FNDA:2,(anonymous_118)
FNDA:0,(anonymous_119)
FNDA:0,(anonymous_120)
FNDA:0,(anonymous_121)
FNDA:0,(anonymous_122)
FNDA:0,(anonymous_123)
FNDA:57,(anonymous_124)
FNDA:57,(anonymous_125)
FNDA:0,(anonymous_126)
FNDA:0,(anonymous_127)
FNDA:57,(anonymous_128)
FNDA:0,(anonymous_129)
FNDA:0,(anonymous_130)
FNDA:0,(anonymous_131)
FNDA:0,(anonymous_132)
FNDA:0,(anonymous_133)
FNDA:0,(anonymous_134)
FNDA:57,(anonymous_135)
FNDA:87,(anonymous_136)
FNDA:87,(anonymous_137)
FNDA:87,(anonymous_138)
FNDA:87,(anonymous_139)
FNDA:501,(anonymous_140)
FNDA:0,(anonymous_141)
FNDA:348,(anonymous_142)
DA:2,1
DA:5,1
DA:42,1
DA:45,1
DA:156,1
DA:157,297
DA:158,0
DA:161,4940
DA:162,4940
DA:163,297
DA:166,297
DA:168,4940
DA:169,4940
DA:170,4940
DA:174,297
DA:204,4940
DA:205,4940
DA:206,4940
DA:230,1
DA:231,1094
DA:232,1094
DA:235,1
DA:236,57
DA:237,57
DA:238,57
DA:240,0
DA:244,1
DA:245,57
DA:246,57
DA:254,1
DA:255,81
DA:260,81
DA:261,81
DA:262,81
DA:263,81
DA:266,81
DA:267,24
DA:268,0
DA:273,81
DA:274,24
DA:275,0
DA:280,81
DA:281,24
DA:282,0
DA:283,0
DA:291,24
DA:294,81
DA:295,0
DA:296,0
DA:299,0
DA:301,0
DA:303,0
DA:305,0
DA:307,0
DA:322,0
DA:325,0
DA:326,0
DA:329,0
DA:334,0
DA:337,0
DA:338,0
DA:339,0
DA:344,0
DA:348,0
DA:359,0
DA:362,0
DA:364,0
DA:367,0
DA:379,0
DA:382,0
DA:388,0
DA:394,0
DA:397,0
DA:419,0
DA:422,0
DA:423,0
DA:424,0
DA:428,0
DA:431,0
DA:434,0
DA:435,0
DA:438,0
DA:439,0
DA:442,0
DA:448,0
DA:451,0
DA:452,0
DA:453,0
DA:457,0
DA:458,0
DA:460,0
DA:465,0
DA:466,0
DA:470,0
DA:471,0
DA:474,0
DA:478,81
DA:479,0
DA:480,0
DA:481,0
DA:485,81
DA:486,0
DA:487,0
DA:491,81
DA:540,243
DA:550,0
DA:587,1
DA:588,142
DA:589,141
DA:590,141
DA:592,141
DA:593,141
DA:594,141
DA:595,141
DA:596,141
DA:643,141
DA:644,0
DA:649,141
DA:650,0
DA:652,0
DA:654,0
DA:656,0
DA:658,0
DA:662,141
DA:663,0
DA:665,0
DA:667,0
DA:669,0
DA:671,0
DA:676,141
DA:677,114
DA:680,114
DA:681,114
DA:685,0
DA:697,114
DA:698,0
DA:712,114
DA:713,0
DA:714,0
DA:717,0
DA:733,114
DA:734,0
DA:747,114
DA:748,0
DA:760,114
DA:761,0
DA:774,114
DA:775,0
DA:776,0
DA:777,0
DA:779,0
DA:783,141
DA:784,28
DA:786,28
DA:787,26
DA:789,26
DA:790,0
DA:794,26
DA:795,26
DA:796,26
DA:797,26
DA:798,26
DA:800,0
DA:804,26
DA:805,26
DA:806,26
DA:807,26
DA:808,26
DA:810,0
DA:813,26
DA:814,416
DA:815,416
DA:816,416
DA:819,416
DA:820,0
DA:821,0
DA:829,0
DA:834,0
DA:838,416
DA:841,0
DA:845,0
DA:854,416
DA:855,416
DA:858,416
DA:859,0
DA:863,0
DA:870,416
DA:876,416
DA:877,416
DA:881,416
DA:883,416
DA:884,416
DA:885,416
DA:887,416
DA:890,416
DA:891,416
DA:892,416
DA:894,416
DA:900,416
DA:901,832
DA:902,19968
DA:903,19968
DA:904,19968
DA:911,416
DA:923,416
DA:947,416
DA:960,2
DA:961,2
DA:963,2
DA:967,141
DA:968,418
DA:969,418
DA:970,418
DA:971,418
DA:973,418
DA:974,405
DA:976,13
DA:977,13
DA:981,141
DA:982,2
DA:983,2
DA:984,0
DA:987,2
DA:988,2
DA:989,2
DA:991,2
DA:992,2
DA:993,2
DA:995,2
DA:996,2
DA:997,0
DA:1001,141
DA:1002,2
DA:1004,2
DA:1005,2
DA:1008,2
DA:1009,2
DA:1010,2
DA:1012,2
DA:1013,0
DA:1014,0
DA:1018,2
DA:1019,2
DA:1020,2
DA:1023,2
DA:1024,2
DA:1025,2
DA:1028,0
DA:1034,2
DA:1037,2
DA:1038,2
DA:1039,4
DA:1042,0
DA:1045,2
DA:1050,141
DA:1056,2
DA:1057,2
DA:1058,2
DA:1061,2
DA:1062,2
DA:1063,2
DA:1066,2
DA:1067,2
DA:1073,2
DA:1074,4
DA:1075,4
DA:1076,4
DA:1078,4
DA:1079,100
DA:1082,100
DA:1083,100
DA:1086,100
DA:1087,100
DA:1089,100
DA:1092,4
DA:1095,2
DA:1108,141
DA:1109,2
DA:1110,2
DA:1112,2
DA:1121,0
DA:1124,2
DA:1132,2
DA:1138,2
DA:1141,2
DA:1163,2
DA:1177,141
DA:1179,2
DA:1182,2
DA:1186,141
DA:1187,54
DA:1189,54
DA:1190,26
DA:1191,26
DA:1194,26
DA:1195,26
DA:1196,26
DA:1199,26
DA:1202,26
DA:1203,26
DA:1204,26
DA:1205,26
DA:1208,54
DA:1209,54
DA:1214,141
DA:1215,0
DA:1216,0
DA:1218,0
DA:1220,0
DA:1222,0
DA:1224,0
DA:1226,0
DA:1228,0
DA:1230,0
DA:1239,0
DA:1240,0
DA:1271,0
DA:1272,0
DA:1275,0
DA:1278,0
DA:1283,141
DA:1284,141
DA:1285,141
DA:1287,141
DA:1288,104
DA:1291,104
DA:1292,80
DA:1296,104
DA:1297,20
DA:1298,20
DA:1299,20
DA:1300,20
DA:1303,20
DA:1304,80
DA:1307,20
DA:1311,20
DA:1317,141
DA:1318,28
DA:1319,28
DA:1320,24
DA:1326,141
DA:1327,48
DA:1328,20
DA:1331,20
DA:1333,20
DA:1334,20
DA:1335,20
DA:1342,141
DA:1343,28
DA:1344,28
DA:1345,28
DA:1346,28
DA:1347,28
DA:1349,28
DA:1350,24
DA:1353,0
DA:1354,0
DA:1356,28
DA:1360,28
DA:1364,141
DA:1365,28
DA:1366,28
DA:1367,28
DA:1369,28
DA:1370,28
DA:1372,28
DA:1375,28
DA:1377,28
DA:1378,0
DA:1380,0
DA:1381,0
DA:1382,0
DA:1387,0
DA:1390,0
DA:1391,0
DA:1392,0
DA:1395,0
DA:1401,0
DA:1402,0
DA:1405,0
DA:1416,0
DA:1420,0
DA:1421,0
DA:1425,0
DA:1430,28
DA:1433,28
DA:1435,28
DA:1436,0
DA:1438,0
DA:1439,0
DA:1440,0
DA:1441,0
DA:1443,0
DA:1450,0
DA:1455,0
DA:1459,0
DA:1463,28
DA:1466,28
DA:1467,0
DA:1469,0
DA:1523,0
DA:1524,0
DA:1535,0
DA:1539,28
DA:1541,0
DA:1545,28
DA:1547,28
DA:1548,28
DA:1551,28
DA:1552,28
DA:1554,28
DA:1555,28
DA:1559,28
DA:1560,28
DA:1561,28
DA:1567,141
DA:1568,54
DA:1569,54
DA:1570,54
DA:1571,54
DA:1572,54
DA:1574,54
DA:1575,0
DA:1576,0
DA:1578,0
DA:1579,0
DA:1581,0
DA:1582,0
DA:1583,0
DA:1584,0
DA:1589,0
DA:1590,0
DA:1594,54
DA:1595,2
DA:1597,2
DA:1599,2
DA:1603,2
DA:1605,2
DA:1606,0
DA:1607,0
DA:1611,2
DA:1612,0
DA:1614,0
DA:1615,0
DA:1616,0
DA:1621,0
DA:1624,0
DA:1626,0
DA:1627,0
DA:1628,0
DA:1634,0
DA:1639,0
DA:1642,0
DA:1653,0
DA:1658,0
DA:1659,0
DA:1664,0
DA:1669,0
DA:1670,0
DA:1675,2
DA:1676,2
DA:1677,1
DA:1681,2
DA:1682,2
DA:1683,1
DA:1689,0
DA:1694,54
DA:1696,54
DA:1697,54
DA:1700,54
DA:1701,54
DA:1703,54
DA:1704,0
DA:1708,54
DA:1709,0
DA:1714,141
DA:1715,57
DA:1716,57
DA:1722,0
DA:1729,141
DA:1730,1151
DA:1732,1151
DA:1734,0
DA:1736,0
DA:1740,141
DA:1741,0
DA:1743,0
DA:1745,0
DA:1747,0
DA:1749,0
DA:1751,0
DA:1755,141
DA:1756,80
DA:1771,61
DA:1860,1037
DA:1862,1037
DA:1912,1037
DA:1917,1037
DA:1925,732
DA:1928,12444
DA:1973,1037
DA:1984,1037
DA:1994,732
DA:2001,12444
DA:2051,1037
DA:2061,1037
DA:2071,732
DA:2078,12444
DA:2131,1037
DA:2173,1037
DA:2291,1037
DA:2301,2
DA:2499,0
DA:2784,0
DA:2804,0
DA:2824,0
DA:2844,0
DA:3019,57
DA:3022,57
DA:3090,57
DA:3145,0
DA:3208,0
DA:3286,57
DA:3287,57
DA:3288,57
DA:3302,0
DA:3305,0
DA:3420,0
DA:3456,0
DA:3492,0
DA:3528,0
DA:3566,0
DA:3664,57
DA:3666,87
DA:3670,87
DA:3674,87
DA:3678,87
DA:3684,501
DA:3685,501
DA:3686,501
DA:3688,0
DA:3693,57
DA:3695,348
DA:3783,1
LF:544
LH:337
BRDA:156,0,0,0
BRDA:156,1,0,0
BRDA:157,2,0,0
BRDA:157,3,0,297
BRDA:157,3,1,297
BRDA:163,4,0,297
BRDA:163,4,1,0
BRDA:170,5,0,297
BRDA:170,5,1,4643
BRDA:237,6,0,57
BRDA:237,6,1,0
BRDA:267,7,0,0
BRDA:274,8,0,0
BRDA:296,9,0,0
BRDA:305,10,0,0
BRDA:305,10,1,0
BRDA:305,10,2,0
BRDA:305,10,3,0
BRDA:305,10,4,0
BRDA:305,10,5,0
BRDA:305,10,6,0
BRDA:305,10,7,0
BRDA:305,10,8,0
BRDA:305,10,9,0
BRDA:305,10,10,0
BRDA:305,10,11,0
BRDA:305,10,12,0
BRDA:305,10,13,0
BRDA:305,10,14,0
BRDA:305,10,15,0
BRDA:384,11,0,0
BRDA:384,11,1,0
BRDA:390,12,0,0
BRDA:390,12,1,0
BRDA:457,13,0,0
BRDA:457,13,1,0
BRDA:457,14,0,0
BRDA:457,14,1,0
BRDA:465,15,0,0
BRDA:470,16,0,0
BRDA:479,17,0,0
BRDA:486,18,0,0
BRDA:507,19,0,0
BRDA:507,19,1,81
BRDA:513,20,0,0
BRDA:513,20,1,81
BRDA:518,21,0,0
BRDA:518,21,1,81
BRDA:544,22,0,81
BRDA:544,22,1,0
BRDA:650,23,0,0
BRDA:650,23,1,0
BRDA:650,23,2,0
BRDA:650,23,3,0
BRDA:663,24,0,0
BRDA:663,24,1,0
BRDA:663,24,2,0
BRDA:663,24,3,0
BRDA:681,25,0,0
BRDA:682,26,0,114
BRDA:682,26,1,114
BRDA:687,27,0,0
BRDA:687,27,1,0
BRDA:697,28,0,0
BRDA:697,29,0,114
BRDA:697,29,1,0
BRDA:713,30,0,0
BRDA:716,31,0,0
BRDA:716,31,1,0
BRDA:717,32,0,0
BRDA:717,32,1,0
BRDA:733,33,0,0
BRDA:747,34,0,0
BRDA:750,35,0,0
BRDA:750,35,1,0
BRDA:760,36,0,0
BRDA:763,37,0,0
BRDA:763,37,1,0
BRDA:776,38,0,0
BRDA:789,39,0,0
BRDA:798,40,0,26
BRDA:798,40,1,0
BRDA:808,41,0,26
BRDA:808,41,1,0
BRDA:814,42,0,416
BRDA:814,42,1,0
BRDA:816,43,0,416
BRDA:816,43,1,0
BRDA:824,44,0,0
BRDA:824,44,1,0
BRDA:828,45,0,0
BRDA:828,45,1,0
BRDA:829,46,0,0
BRDA:829,46,1,0
BRDA:833,47,0,0
BRDA:833,47,1,0
BRDA:834,48,0,0
BRDA:834,48,1,0
BRDA:841,49,0,0
BRDA:841,49,1,0
BRDA:846,50,0,0
BRDA:846,50,1,0
BRDA:847,51,0,0
BRDA:847,51,1,0
BRDA:848,52,0,0
BRDA:848,52,1,0
BRDA:849,53,0,0
BRDA:849,53,1,0
BRDA:849,53,2,0
BRDA:850,54,0,0
BRDA:850,54,1,0
BRDA:854,55,0,416
BRDA:858,56,0,0
BRDA:858,57,0,416
BRDA:858,57,1,0
BRDA:877,58,0,416
BRDA:877,58,1,0
BRDA:881,59,0,416
BRDA:881,59,1,416
BRDA:881,60,0,416
BRDA:881,60,1,0
BRDA:882,61,0,416
BRDA:882,61,1,0
BRDA:883,62,0,0
BRDA:883,62,1,416
BRDA:890,63,0,0
BRDA:890,63,1,416
BRDA:927,64,0,0
BRDA:927,64,1,416
BRDA:927,65,0,416
BRDA:927,65,1,416
BRDA:927,66,0,416
BRDA:927,66,1,0
BRDA:928,67,0,416
BRDA:928,67,1,0
BRDA:931,68,0,416
BRDA:931,68,1,0
BRDA:933,69,0,416
BRDA:933,69,1,0
BRDA:934,70,0,416
BRDA:934,70,1,416
BRDA:935,71,0,416
BRDA:935,71,1,0
BRDA:936,72,0,416
BRDA:936,72,1,0
BRDA:937,73,0,416
BRDA:937,73,1,0
BRDA:940,74,0,416
BRDA:940,74,1,0
BRDA:941,75,0,416
BRDA:941,75,1,416
BRDA:943,76,0,416
BRDA:943,76,1,0
BRDA:944,77,0,416
BRDA:944,77,1,0
BRDA:945,78,0,416
BRDA:945,78,1,0
BRDA:951,79,0,416
BRDA:951,79,1,416
BRDA:952,80,0,416
BRDA:952,80,1,416
BRDA:973,81,0,405
BRDA:982,82,0,2
BRDA:982,82,1,2
BRDA:983,83,0,0
BRDA:983,84,0,2
BRDA:983,84,1,2
BRDA:995,85,0,0
BRDA:996,86,0,2
BRDA:1002,87,0,0
BRDA:1012,88,0,0
BRDA:1028,89,0,0
BRDA:1028,89,1,0
BRDA:1039,90,0,2
BRDA:1039,90,1,2
BRDA:1056,91,0,2
BRDA:1056,91,1,2
BRDA:1057,92,0,0
BRDA:1057,92,1,2
BRDA:1058,93,0,0
BRDA:1058,93,1,2
BRDA:1062,94,0,2
BRDA:1062,94,1,0
BRDA:1109,95,0,2
BRDA:1109,95,1,0
BRDA:1110,96,0,2
BRDA:1110,96,1,0
BRDA:1113,97,0,0
BRDA:1113,97,1,0
BRDA:1114,98,0,0
BRDA:1114,98,1,0
BRDA:1115,99,0,0
BRDA:1115,99,1,0
BRDA:1118,100,0,0
BRDA:1118,100,1,0
BRDA:1119,101,0,0
BRDA:1119,101,1,0
BRDA:1120,102,0,0
BRDA:1120,102,1,0
BRDA:1121,103,0,0
BRDA:1121,103,1,0
BRDA:1125,104,0,0
BRDA:1125,104,1,0
BRDA:1126,105,0,0
BRDA:1126,105,1,0
BRDA:1127,106,0,0
BRDA:1127,106,1,0
BRDA:1128,107,0,0
BRDA:1128,107,1,0
BRDA:1128,107,2,0
BRDA:1129,108,0,0
BRDA:1129,108,1,0
BRDA:1139,109,0,2
BRDA:1139,109,1,0
BRDA:1141,110,0,2
BRDA:1141,110,1,0
BRDA:1143,111,0,0
BRDA:1143,111,1,2
BRDA:1146,112,0,2
BRDA:1146,112,1,0
BRDA:1147,113,0,2
BRDA:1147,113,1,0
BRDA:1149,114,0,2
BRDA:1149,114,1,0
BRDA:1150,115,0,2
BRDA:1150,115,1,2
BRDA:1151,116,0,2
BRDA:1151,116,1,2
BRDA:1152,117,0,2
BRDA:1152,117,1,0
BRDA:1153,118,0,2
BRDA:1153,118,1,0
BRDA:1156,119,0,2
BRDA:1156,119,1,0
BRDA:1157,120,0,2
BRDA:1157,120,1,2
BRDA:1159,121,0,2
BRDA:1159,121,1,0
BRDA:1160,122,0,2
BRDA:1160,122,1,0
BRDA:1161,123,0,2
BRDA:1161,123,1,0
BRDA:1167,124,0,2
BRDA:1167,124,1,2
BRDA:1168,125,0,2
BRDA:1168,125,1,2
BRDA:1189,126,0,26
BRDA:1189,127,0,54
BRDA:1189,127,1,26
BRDA:1197,128,0,26
BRDA:1197,128,1,26
BRDA:1218,129,0,0
BRDA:1218,129,1,0
BRDA:1218,129,2,0
BRDA:1218,129,3,0
BRDA:1218,129,4,0
BRDA:1218,129,5,0
BRDA:1218,129,6,0
BRDA:1218,129,7,0
BRDA:1218,129,8,0
BRDA:1231,130,0,0
BRDA:1231,130,1,0
BRDA:1243,131,0,0
BRDA:1243,131,1,0
BRDA:1245,132,0,0
BRDA:1245,132,1,0
BRDA:1247,133,0,0
BRDA:1247,133,1,0
BRDA:1247,134,0,0
BRDA:1247,134,1,0
BRDA:1248,135,0,0
BRDA:1248,135,1,0
BRDA:1250,136,0,0
BRDA:1250,136,1,0
BRDA:1251,137,0,0
BRDA:1251,137,1,0
BRDA:1257,138,0,0
BRDA:1257,138,1,0
BRDA:1258,139,0,0
BRDA:1258,139,1,0
BRDA:1260,140,0,0
BRDA:1260,140,1,0
BRDA:1261,141,0,0
BRDA:1261,141,1,0
BRDA:1262,142,0,0
BRDA:1262,142,1,0
BRDA:1264,143,0,0
BRDA:1264,143,1,0
BRDA:1267,144,0,0
BRDA:1267,144,1,0
BRDA:1271,145,0,0
BRDA:1287,146,0,0
BRDA:1291,147,0,80
BRDA:1298,148,0,20
BRDA:1304,149,0,80
BRDA:1304,149,1,0
BRDA:1319,150,0,24
BRDA:1327,151,0,20
BRDA:1333,152,0,20
BRDA:1349,153,0,24
BRDA:1349,154,0,28
BRDA:1349,154,1,24
BRDA:1372,155,0,0
BRDA:1372,155,1,28
BRDA:1378,156,0,0
BRDA:1382,157,0,0
BRDA:1383,158,0,0
BRDA:1383,158,1,0
BRDA:1383,158,2,0
BRDA:1390,159,0,0
BRDA:1390,160,0,0
BRDA:1390,160,1,0
BRDA:1391,161,0,0
BRDA:1391,161,1,0
BRDA:1395,162,0,0
BRDA:1395,162,1,0
BRDA:1406,163,0,0
BRDA:1406,163,1,0
BRDA:1420,164,0,0
BRDA:1420,165,0,0
BRDA:1420,165,1,0
BRDA:1430,166,0,0
BRDA:1430,166,1,28
BRDA:1436,167,0,0
BRDA:1440,168,0,0
BRDA:1443,169,0,0
BRDA:1444,170,0,0
BRDA:1444,170,1,0
BRDA:1444,170,2,0
BRDA:1451,171,0,0
BRDA:1451,171,1,0
BRDA:1452,172,0,0
BRDA:1452,172,1,0
BRDA:1453,173,0,0
BRDA:1453,173,1,0
BRDA:1467,174,0,0
BRDA:1527,175,0,0
BRDA:1527,175,1,0
BRDA:1531,176,0,0
BRDA:1531,176,1,0
BRDA:1532,177,0,0
BRDA:1532,177,1,0
BRDA:1533,178,0,0
BRDA:1533,178,1,0
BRDA:1533,179,0,0
BRDA:1533,179,1,0
BRDA:1551,180,0,28
BRDA:1554,181,0,28
BRDA:1559,182,0,28
BRDA:1576,183,0,0
BRDA:1576,183,1,0
BRDA:1578,184,0,0
BRDA:1582,185,0,0
BRDA:1595,186,0,0
BRDA:1599,187,0,0
BRDA:1599,187,1,2
BRDA:1606,188,0,0
BRDA:1612,189,0,0
BRDA:1616,190,0,0
BRDA:1617,191,0,0
BRDA:1617,191,1,0
BRDA:1617,191,2,0
BRDA:1624,192,0,0
BRDA:1624,193,0,0
BRDA:1624,193,1,0
BRDA:1626,194,0,0
BRDA:1626,194,1,0
BRDA:1627,195,0,0
BRDA:1627,195,1,0
BRDA:1628,196,0,0
BRDA:1629,197,0,0
BRDA:1629,197,1,0
BRDA:1629,197,2,0
BRDA:1629,197,3,0
BRDA:1635,198,0,0
BRDA:1635,198,1,0
BRDA:1636,199,0,0
BRDA:1636,199,1,0
BRDA:1637,200,0,0
BRDA:1637,200,1,0
BRDA:1643,201,0,0
BRDA:1643,201,1,0
BRDA:1658,202,0,0
BRDA:1658,203,0,0
BRDA:1658,203,1,0
BRDA:1658,203,2,0
BRDA:1669,204,0,0
BRDA:1669,205,0,0
BRDA:1669,205,1,0
BRDA:1676,206,0,1
BRDA:1682,207,0,1
BRDA:1682,208,0,2
BRDA:1682,208,1,1
BRDA:1700,209,0,54
BRDA:1703,210,0,0
BRDA:1708,211,0,0
BRDA:1708,212,0,54
BRDA:1708,212,1,2
BRDA:1715,213,0,57
BRDA:1716,214,0,57
BRDA:1716,214,1,0
BRDA:1722,215,0,0
BRDA:1722,215,1,0
BRDA:1730,216,0,1151
BRDA:1730,216,1,0
BRDA:1730,216,2,0
BRDA:1741,217,0,0
BRDA:1741,217,1,0
BRDA:1741,217,2,0
BRDA:1741,217,3,0
BRDA:1741,217,4,0
BRDA:1755,218,0,80
BRDA:1799,219,0,6
BRDA:1799,219,1,55
BRDA:1806,220,0,6
BRDA:1806,220,1,55
BRDA:1814,221,0,61
BRDA:1814,221,1,0
BRDA:1915,222,0,57
BRDA:1915,222,1,4
BRDA:1973,223,0,1037
BRDA:1973,223,1,0
BRDA:1981,224,0,57
BRDA:1981,224,1,4
BRDA:1984,225,0,1037
BRDA:1984,225,1,0
BRDA:1998,226,0,684
BRDA:1998,226,1,48
BRDA:2001,227,0,12444
BRDA:2001,227,1,0
BRDA:2051,228,0,1037
BRDA:2051,228,1,0
BRDA:2058,229,0,57
BRDA:2058,229,1,4
BRDA:2061,230,0,1037
BRDA:2061,230,1,0
BRDA:2075,231,0,684
BRDA:2075,231,1,48
BRDA:2078,232,0,12444
BRDA:2078,232,1,0
BRDA:2131,233,0,1037
BRDA:2131,233,1,1037
BRDA:2173,234,0,1037
BRDA:2173,234,1,1037
BRDA:2173,234,2,1037
BRDA:2216,235,0,57
BRDA:2216,235,1,4
BRDA:2216,236,0,57
BRDA:2216,236,1,0
BRDA:2255,237,0,57
BRDA:2255,237,1,4
BRDA:2284,238,0,61
BRDA:2284,238,1,4
BRDA:2335,239,0,0
BRDA:2335,239,1,1037
BRDA:2373,240,0,1037
BRDA:2373,240,1,0
BRDA:2388,241,0,1037
BRDA:2388,241,1,0
BRDA:2393,242,0,0
BRDA:2393,242,1,1037
BRDA:2393,243,0,1037
BRDA:2393,243,1,0
BRDA:2395,244,0,0
BRDA:2395,244,1,1037
BRDA:2395,245,0,1037
BRDA:2395,245,1,0
BRDA:2414,246,0,1037
BRDA:2414,246,1,0
BRDA:2429,247,0,1037
BRDA:2429,247,1,0
BRDA:2434,248,0,0
BRDA:2434,248,1,1037
BRDA:2434,249,0,1037
BRDA:2434,249,1,0
BRDA:2436,250,0,0
BRDA:2436,250,1,1037
BRDA:2436,251,0,1037
BRDA:2436,251,1,0
BRDA:2457,252,0,1037
BRDA:2457,252,1,1037
BRDA:2458,253,0,1037
BRDA:2458,253,1,0
BRDA:2473,254,0,57
BRDA:2473,254,1,4
BRDA:2568,255,0,57
BRDA:2568,255,1,0
BRDA:2571,256,0,57
BRDA:2571,256,1,0
BRDA:2573,257,0,0
BRDA:2573,257,1,57
BRDA:2573,258,0,57
BRDA:2573,258,1,0
BRDA:2575,259,0,0
BRDA:2575,259,1,57
BRDA:2575,260,0,57
BRDA:2575,260,1,0
BRDA:2581,261,0,57
BRDA:2581,261,1,0
BRDA:2598,262,0,57
BRDA:2598,262,1,0
BRDA:2647,263,0,57
BRDA:2647,263,1,0
BRDA:2650,264,0,57
BRDA:2650,264,1,0
BRDA:2652,265,0,0
BRDA:2652,265,1,57
BRDA:2652,266,0,57
BRDA:2652,266,1,0
BRDA:2654,267,0,0
BRDA:2654,267,1,57
BRDA:2654,268,0,57
BRDA:2654,268,1,0
BRDA:2660,269,0,57
BRDA:2660,269,1,0
BRDA:2677,270,0,57
BRDA:2677,270,1,0
BRDA:2726,271,0,57
BRDA:2726,271,1,57
BRDA:2744,272,0,0
BRDA:2744,272,1,57
BRDA:2748,273,0,0
BRDA:2748,273,1,57
BRDA:2960,274,0,0
BRDA:2960,274,1,57
BRDA:3055,275,0,0
BRDA:3055,275,1,57
BRDA:3061,276,0,0
BRDA:3061,276,1,57
BRDA:3182,277,0,57
BRDA:3182,277,1,0
BRDA:3216,278,0,0
BRDA:3216,278,1,0
BRDA:3234,279,0,0
BRDA:3234,279,1,0
BRDA:3251,280,0,0
BRDA:3251,280,1,0
BRDA:3287,281,0,57
BRDA:3364,282,0,0
BRDA:3364,282,1,0
BRDA:3364,282,2,0
BRDA:3433,283,0,57
BRDA:3433,283,1,0
BRDA:3442,284,0,57
BRDA:3442,284,1,0
BRDA:3469,285,0,0
BRDA:3469,285,1,57
BRDA:3478,286,0,0
BRDA:3478,286,1,57
BRDA:3505,287,0,0
BRDA:3505,287,1,57
BRDA:3514,288,0,0
BRDA:3514,288,1,57
BRDA:3542,289,0,0
BRDA:3542,289,1,57
BRDA:3552,290,0,0
BRDA:3552,290,1,57
BRDA:3579,291,0,0
BRDA:3579,291,1,57
BRDA:3588,292,0,0
BRDA:3588,292,1,57
BRDA:3611,293,0,57
BRDA:3611,293,1,57
BRDA:3614,294,0,57
BRDA:3614,294,1,0
BRDA:3617,295,0,57
BRDA:3617,295,1,0
BRDA:3620,296,0,57
BRDA:3620,296,1,0
BRDA:3623,297,0,57
BRDA:3623,297,1,0
BRDA:3629,298,0,57
BRDA:3629,298,1,57
BRDA:3630,299,0,57
BRDA:3630,299,1,0
BRDA:3631,300,0,57
BRDA:3631,300,1,0
BRDA:3632,301,0,57
BRDA:3632,301,1,0
BRDA:3633,302,0,57
BRDA:3633,302,1,0
BRDA:3664,303,0,57
BRDA:3664,303,1,0
BRDA:3666,304,0,57
BRDA:3666,304,1,0
BRDA:3670,305,0,57
BRDA:3670,305,1,0
BRDA:3674,306,0,57
BRDA:3674,306,1,0
BRDA:3678,307,0,57
BRDA:3678,307,1,0
BRDA:3688,308,0,0
BRDA:3688,308,1,0
BRDA:3693,309,0,57
BRDA:3693,309,1,0
BRDA:3703,310,0,348
BRDA:3703,310,1,348
BRDA:3707,311,0,87
BRDA:3707,311,1,261
BRDA:3709,312,0,87
BRDA:3709,312,1,174
BRDA:3711,313,0,87
BRDA:3711,313,1,87
BRDA:3728,314,0,0
BRDA:3728,314,1,0
BRF:605
BRH:228
end_of_record
